{"name":"1677485833","hostname":"LAPTOP-O8GIVPNU","pid":6016,"level":20,"msg":"Sync server version: 1.3.8 2022-02-25 10:58:11 -0600 50659ecda06a8b79a41f24c1fdff05187324402b","time":"2023-02-27T08:17:13.251Z","v":0}
{"name":"1677485833","hostname":"LAPTOP-O8GIVPNU","pid":6016,"level":30,"msg":"Acquiring actors for session 1677485833: ACTOR1","time":"2023-02-27T08:17:13.262Z","v":0}
{"name":"1677485833","hostname":"LAPTOP-O8GIVPNU","pid":6016,"level":30,"msg":"Session 1677485833 with label \"null\" started at 2023-02-27 08:17:13 UTC","time":"2023-02-27T08:17:13.271Z","v":0}
{"name":"1677485833","hostname":"LAPTOP-O8GIVPNU","pid":6016,"level":30,"actorType":"ACTOR1","actorId":"5944","time":"2023-02-27T08:17:17.896Z","msg":"Actor 5944 of type ACTOR1 was acquired by test session 1677485833","v":0}
{"name":"1677485833","hostname":"LAPTOP-O8GIVPNU","pid":6016,"level":20,"actorType":"ACTOR1","actorId":"5944","time":"2023-02-27T08:17:17.921Z","msg":"DEBUG: Test actor JAR versions:","v":0}
{"name":"1677485833","hostname":"LAPTOP-O8GIVPNU","pid":6016,"level":20,"actorType":"ACTOR1","actorId":"5944","time":"2023-02-27T08:17:17.923Z","msg":"DEBUG:   opentest-appium-0.0.1.jar: 2022-02-25 10:58 -0600 0.0.1-50659ecda06a8b79a41f24c1fdff05187324402b-dirty","v":0}
{"name":"1677485833","hostname":"LAPTOP-O8GIVPNU","pid":6016,"level":20,"actorType":"ACTOR1","actorId":"5944","time":"2023-02-27T08:17:17.926Z","msg":"DEBUG:   opentest-base-0.0.1.jar: 2022-02-25 10:58 -0600 0.0.1-50659ecda06a8b79a41f24c1fdff05187324402b-dirty","v":0}
{"name":"1677485833","hostname":"LAPTOP-O8GIVPNU","pid":6016,"level":20,"actorType":"ACTOR1","actorId":"5944","time":"2023-02-27T08:17:17.93Z","msg":"DEBUG:   opentest-selenium-0.0.1.jar: 2022-02-25 10:58 -0600 0.0.1-50659ecda06a8b79a41f24c1fdff05187324402b-dirty","v":0}
{"name":"1677485833","hostname":"LAPTOP-O8GIVPNU","pid":6016,"level":40,"actorType":"ACTOR1","actorId":"5944","time":"2023-02-27T08:17:17.932Z","msg":"WARN: Failed to log extension JARs","v":0}
{"name":"1677485833","hostname":"LAPTOP-O8GIVPNU","pid":6016,"level":10,"actorType":"ACTOR1","actorId":"5944","time":"2023-02-27T08:17:17.933Z","msg":"TRACE: Firing SESSION_STARTED event...","v":0}
{"name":"1677485833","hostname":"LAPTOP-O8GIVPNU","pid":6016,"level":30,"actorType":"ACTOR1","actorId":"5944","time":"2023-02-27T08:17:18.048Z","msg":"==================== ACTOR1: web/Verify GitHub repos have non-empty wiki [1] ====================","v":0}
{"name":"1677485833","hostname":"LAPTOP-O8GIVPNU","pid":6016,"level":30,"actorType":"ACTOR1","actorId":"5944","time":"2023-02-27T08:17:18.049Z","msg":"Actor ACTOR1 started executing test web/Verify GitHub repos have non-empty wiki [1]...","v":0}
{"name":"1677485833","hostname":"LAPTOP-O8GIVPNU","pid":6016,"level":30,"actorType":"ACTOR1","actorId":"5944","time":"2023-02-27T08:17:18.053Z","msg":"Using data record 1 of 2: \"facebook/react\"","v":0}
{"name":"1677485833","hostname":"LAPTOP-O8GIVPNU","pid":6016,"level":10,"actorType":"ACTOR1","actorId":"5944","time":"2023-02-27T08:17:18.053Z","msg":"TRACE: Firing TEST_STARTED event...","v":0}
{"name":"1677485833","hostname":"LAPTOP-O8GIVPNU","pid":6016,"level":30,"actorType":"ACTOR1","actorId":"5944","time":"2023-02-27T08:17:18.154Z","msg":"Executing segment 1 of test web/Verify GitHub repos have non-empty wiki...","v":0}
{"name":"1677485833","hostname":"LAPTOP-O8GIVPNU","pid":6016,"level":30,"actorType":"ACTOR1","actorId":"5944","time":"2023-02-27T08:17:18.156Z","msg":"Evaluating action 1/1 (github.AssertRepoHasNonEmptyWiki) in segment 1...","v":0}
{"name":"1677485833","hostname":"LAPTOP-O8GIVPNU","pid":6016,"level":30,"actorType":"ACTOR1","actorId":"5944","time":"2023-02-27T08:17:18.219Z","msg":"Executing macro github/AssertRepoHasNonEmptyWiki with arguments {\"repo\":\"facebook/react\"}...","v":0}
{"name":"1677485833","hostname":"LAPTOP-O8GIVPNU","pid":6016,"level":30,"actorType":"ACTOR1","actorId":"5944","time":"2023-02-27T08:17:18.22Z","msg":"Evaluating action 1/5 in macro github/AssertRepoHasNonEmptyWiki (Navigate to the wiki page)...","v":0}
{"name":"1677485833","hostname":"LAPTOP-O8GIVPNU","pid":6016,"level":10,"actorType":"ACTOR1","actorId":"5944","time":"2023-02-27T08:17:18.272Z","msg":"TRACE: Initializing action org.getopentest.selenium.NavigateTo...","v":0}
{"name":"1677485833","hostname":"LAPTOP-O8GIVPNU","pid":6016,"level":30,"actorType":"ACTOR1","actorId":"5944","time":"2023-02-27T08:17:18.289Z","msg":"Loading configuration from \"C:\\Users\\User\\opentest\\actor1\\actor.yaml\"","v":0}
{"name":"1677485833","hostname":"LAPTOP-O8GIVPNU","pid":6016,"level":30,"actorType":"ACTOR1","actorId":"5944","time":"2023-02-27T08:17:18.304Z","msg":"Using local Selenium server","v":0}
{"name":"1677485833","hostname":"LAPTOP-O8GIVPNU","pid":6016,"level":10,"actorType":"ACTOR1","actorId":"5944","time":"2023-02-27T08:17:18.314Z","msg":"TRACE: Setting system property \"webdriver.chrome.driver\" to \"C:/Selenium/chromedriver.exe\"","v":0}
{"name":"1677485833","hostname":"LAPTOP-O8GIVPNU","pid":6016,"level":50,"actorType":"ACTOR1","actorId":"5944","time":"2023-02-27T08:17:20.943Z","msg":"ERROR: java.lang.Exception: Failed executing test web/Verify GitHub repos have non-empty wiki, segment 1\r\n\tat org.getopentest.base.TestActor.executeTestSegment(TestActor.java:2208)\r\n\tat org.getopentest.base.TestActor.runOneSession(TestActor.java:3077)\r\n\tat org.getopentest.base.TestActor.runOneSession(TestActor.java:3113)\r\n\tat org.getopentest.Main.main(Main.java:20)\r\nCaused by: java.lang.RuntimeException: There was an error while executing action no. 1 (github.AssertRepoHasNonEmptyWiki) in segment 1 of test web/Verify GitHub repos have non-empty wiki.\nThe action definition was:\n{\n  \"action\": \"org.getopentest.base.MacroAction\",\n  \"args\": {\n    \"repo\": \"facebook/react\"\n  },\n  \"macro\": \"github.AssertRepoHasNonEmptyWiki\"\n}\r\n\tat org.getopentest.base.TestActor.executeTestSegment(TestActor.java:2142)\r\n\t... 3 more\r\nCaused by: java.lang.RuntimeException: Failed executing action org.getopentest.base.MacroAction with arguments {\"repo\":\"facebook/react\"}\r\n\tat org.getopentest.base.TestActor.executeActionByDef(TestActor.java:1872)\r\n\tat org.getopentest.base.TestActor.executeTestSegment(TestActor.java:2092)\r\n\t... 3 more\r\nCaused by: java.lang.Exception: There was an error executing macro action github.AssertRepoHasNonEmptyWiki with arguments {\"repo\":\"facebook/react\"}\r\n\tat org.getopentest.base.TestActor.executeMacroActionByName(TestActor.java:2021)\r\n\tat org.getopentest.base.TestActor.executeActionByDef(TestActor.java:1745)\r\n\t... 4 more\r\nCaused by: java.lang.RuntimeException: There was an error while executing action no. 1 (org.getopentest.selenium.NavigateTo) in macro github/AssertRepoHasNonEmptyWiki.\nThe action definition was:\n{\n  \"action\": \"org.getopentest.selenium.NavigateTo\",\n  \"args\": {\n    \"url\": \"https://github.com/facebook/react/wiki\"\n  },\n  \"description\": \"Navigate to the wiki page\"\n}\r\n\tat org.getopentest.base.TestActor.executeMacroActionByDef(TestActor.java:1973)\r\n\tat org.getopentest.base.TestActor.executeMacroActionByName(TestActor.java:2013)\r\n\t... 5 more\r\nCaused by: java.lang.RuntimeException: Failed executing action org.getopentest.selenium.NavigateTo with arguments {\"url\":\"https://github.com/facebook/react/wiki\"}\r\n\tat org.getopentest.base.TestActor.executeActionByDef(TestActor.java:1872)\r\n\tat org.getopentest.base.TestActor.executeMacroActionByDef(TestActor.java:1938)\r\n\t... 6 more\r\nCaused by: java.lang.RuntimeException: org.openqa.selenium.SessionNotCreatedException: session not created: This version of ChromeDriver only supports Chrome version 108\nCurrent browser version is 110.0.5481.177 with binary path C:\\Program Files\\Google\\Chrome\\Application\\chrome.exe\nBuild info: version: '3.141.59', revision: 'e82be7d358', time: '2018-11-14T08:17:03'\nSystem info: host: 'LAPTOP-O8GIVPNU', ip: '192.168.0.111', os.name: 'Windows 11', os.arch: 'amd64', os.version: '10.0', java.version: '1.8.0_341'\nDriver info: driver.version: ChromeDriver\nremote stacktrace: Backtrace:\n\t(No symbol) [0x00B8F243]\n\t(No symbol) [0x00B17FD1]\n\t(No symbol) [0x00A0D04D]\n\t(No symbol) [0x00A2F6B4]\n\t(No symbol) [0x00A2A97C]\n\t(No symbol) [0x00A282E9]\n\t(No symbol) [0x00A5F056]\n\t(No symbol) [0x00A5EB2A]\n\t(No symbol) [0x00A58386]\n\t(No symbol) [0x00A3163C]\n\t(No symbol) [0x00A3269D]\n\tGetHandleVerifier [0x00E29A22+2655074]\n\tGetHandleVerifier [0x00E1CA24+2601828]\n\tGetHandleVerifier [0x00C38C0A+619850]\n\tGetHandleVerifier [0x00C37830+614768]\n\t(No symbol) [0x00B205FC]\n\t(No symbol) [0x00B25968]\n\t(No symbol) [0x00B25A55]\n\t(No symbol) [0x00B3051B]\n\tBaseThreadInitThunk [0x75747D69+25]\n\tRtlInitializeExceptionChain [0x7728BB9B+107]\n\tRtlClearBits [0x7728BB1F+191]\n\r\n\tat org.getopentest.base.TestActor.executeActionByClassName(TestActor.java:1670)\r\n\tat org.getopentest.base.TestActor.executeActionByDef(TestActor.java:1749)\r\n\t... 7 more\r\nCaused by: org.openqa.selenium.SessionNotCreatedException: session not created: This version of ChromeDriver only supports Chrome version 108\nCurrent browser version is 110.0.5481.177 with binary path C:\\Program Files\\Google\\Chrome\\Application\\chrome.exe\nBuild info: version: '3.141.59', revision: 'e82be7d358', time: '2018-11-14T08:17:03'\nSystem info: host: 'LAPTOP-O8GIVPNU', ip: '192.168.0.111', os.name: 'Windows 11', os.arch: 'amd64', os.version: '10.0', java.version: '1.8.0_341'\nDriver info: driver.version: ChromeDriver\nremote stacktrace: Backtrace:\n\t(No symbol) [0x00B8F243]\n\t(No symbol) [0x00B17FD1]\n\t(No symbol) [0x00A0D04D]\n\t(No symbol) [0x00A2F6B4]\n\t(No symbol) [0x00A2A97C]\n\t(No symbol) [0x00A282E9]\n\t(No symbol) [0x00A5F056]\n\t(No symbol) [0x00A5EB2A]\n\t(No symbol) [0x00A58386]\n\t(No symbol) [0x00A3163C]\n\t(No symbol) [0x00A3269D]\n\tGetHandleVerifier [0x00E29A22+2655074]\n\tGetHandleVerifier [0x00E1CA24+2601828]\n\tGetHandleVerifier [0x00C38C0A+619850]\n\tGetHandleVerifier [0x00C37830+614768]\n\t(No symbol) [0x00B205FC]\n\t(No symbol) [0x00B25968]\n\t(No symbol) [0x00B25A55]\n\t(No symbol) [0x00B3051B]\n\tBaseThreadInitThunk [0x75747D69+25]\n\tRtlInitializeExceptionChain [0x7728BB9B+107]\n\tRtlClearBits [0x7728BB1F+191]\n\r\n\tat sun.reflect.NativeConstructorAccessorImpl.newInstance0(Native Method)\r\n\tat sun.reflect.NativeConstructorAccessorImpl.newInstance(Unknown Source)\r\n\tat sun.reflect.DelegatingConstructorAccessorImpl.newInstance(Unknown Source)\r\n\tat java.lang.reflect.Constructor.newInstance(Unknown Source)\r\n\tat org.openqa.selenium.remote.W3CHandshakeResponse.lambda$errorHandler$0(W3CHandshakeResponse.java:62)\r\n\tat org.openqa.selenium.remote.HandshakeResponse.lambda$getResponseFunction$0(HandshakeResponse.java:30)\r\n\tat org.openqa.selenium.remote.ProtocolHandshake.lambda$createSession$0(ProtocolHandshake.java:126)\r\n\tat java.util.stream.ReferencePipeline$3$1.accept(Unknown Source)\r\n\tat java.util.Spliterators$ArraySpliterator.tryAdvance(Unknown Source)\r\n\tat java.util.stream.ReferencePipeline.forEachWithCancel(Unknown Source)\r\n\tat java.util.stream.AbstractPipeline.copyIntoWithCancel(Unknown Source)\r\n\tat java.util.stream.AbstractPipeline.copyInto(Unknown Source)\r\n\tat java.util.stream.AbstractPipeline.wrapAndCopyInto(Unknown Source)\r\n\tat java.util.stream.FindOps$FindOp.evaluateSequential(Unknown Source)\r\n\tat java.util.stream.AbstractPipeline.evaluate(Unknown Source)\r\n\tat java.util.stream.ReferencePipeline.findFirst(Unknown Source)\r\n\tat org.openqa.selenium.remote.ProtocolHandshake.createSession(ProtocolHandshake.java:128)\r\n\tat org.openqa.selenium.remote.ProtocolHandshake.createSession(ProtocolHandshake.java:74)\r\n\tat org.openqa.selenium.remote.HttpCommandExecutor.execute(HttpCommandExecutor.java:136)\r\n\tat org.openqa.selenium.remote.service.DriverCommandExecutor.execute(DriverCommandExecutor.java:83)\r\n\tat org.openqa.selenium.remote.RemoteWebDriver.execute(RemoteWebDriver.java:552)\r\n\tat org.openqa.selenium.remote.RemoteWebDriver.startSession(RemoteWebDriver.java:213)\r\n\tat org.openqa.selenium.remote.RemoteWebDriver.<init>(RemoteWebDriver.java:131)\r\n\tat org.openqa.selenium.chrome.ChromeDriver.<init>(ChromeDriver.java:181)\r\n\tat org.openqa.selenium.chrome.ChromeDriver.<init>(ChromeDriver.java:168)\r\n\tat org.openqa.selenium.chrome.ChromeDriver.<init>(ChromeDriver.java:157)\r\n\tat org.getopentest.selenium.core.SeleniumHelper.createDriver(SeleniumHelper.java:91)\r\n\tat org.getopentest.selenium.core.SeleniumHelper.getDriver(SeleniumHelper.java:237)\r\n\tat org.getopentest.selenium.core.SeleniumTestAction.initialize(SeleniumTestAction.java:203)\r\n\tat org.getopentest.base.TestActor.executeAction(TestActor.java:1553)\r\n\tat org.getopentest.base.TestActor.executeActionByClassName(TestActor.java:1647)\r\n\t... 8 more\r\n","v":0}
{"name":"1677485833","hostname":"LAPTOP-O8GIVPNU","pid":6016,"level":10,"actorType":"ACTOR1","actorId":"5944","time":"2023-02-27T08:17:21.477Z","msg":"TRACE: Firing TEST_COMPLETED event...","v":0}
{"name":"1677485833","hostname":"LAPTOP-O8GIVPNU","pid":6016,"level":30,"actorType":"ACTOR1","actorId":"5944","time":"2023-02-27T08:17:21.478Z","msg":"Using local Selenium server","v":0}
{"name":"1677485833","hostname":"LAPTOP-O8GIVPNU","pid":6016,"level":10,"actorType":"ACTOR1","actorId":"5944","time":"2023-02-27T08:17:21.48Z","msg":"TRACE: Setting system property \"webdriver.chrome.driver\" to \"C:/Selenium/chromedriver.exe\"","v":0}
{"name":"1677485833","hostname":"LAPTOP-O8GIVPNU","pid":6016,"level":30,"actorType":"ACTOR1","actorId":"5944","time":"2023-02-27T08:17:23.086Z","msg":"==================== ACTOR1: web/Verify GitHub repos have non-empty wiki [2] ====================","v":0}
{"name":"1677485833","hostname":"LAPTOP-O8GIVPNU","pid":6016,"level":30,"actorType":"ACTOR1","actorId":"5944","time":"2023-02-27T08:17:23.086Z","msg":"Actor ACTOR1 started executing test web/Verify GitHub repos have non-empty wiki [2]...","v":0}
{"name":"1677485833","hostname":"LAPTOP-O8GIVPNU","pid":6016,"level":30,"actorType":"ACTOR1","actorId":"5944","time":"2023-02-27T08:17:23.087Z","msg":"Using data record 2 of 2: \"tesseract-ocr/tesseract\"","v":0}
{"name":"1677485833","hostname":"LAPTOP-O8GIVPNU","pid":6016,"level":10,"actorType":"ACTOR1","actorId":"5944","time":"2023-02-27T08:17:23.088Z","msg":"TRACE: Firing TEST_STARTED event...","v":0}
{"name":"1677485833","hostname":"LAPTOP-O8GIVPNU","pid":6016,"level":30,"actorType":"ACTOR1","actorId":"5944","time":"2023-02-27T08:17:23.191Z","msg":"Executing segment 1 of test web/Verify GitHub repos have non-empty wiki...","v":0}
{"name":"1677485833","hostname":"LAPTOP-O8GIVPNU","pid":6016,"level":30,"actorType":"ACTOR1","actorId":"5944","time":"2023-02-27T08:17:23.194Z","msg":"Evaluating action 1/1 (github.AssertRepoHasNonEmptyWiki) in segment 1...","v":0}
{"name":"1677485833","hostname":"LAPTOP-O8GIVPNU","pid":6016,"level":30,"actorType":"ACTOR1","actorId":"5944","time":"2023-02-27T08:17:23.212Z","msg":"Executing macro github/AssertRepoHasNonEmptyWiki with arguments {\"repo\":\"tesseract-ocr/tesseract\"}...","v":0}
{"name":"1677485833","hostname":"LAPTOP-O8GIVPNU","pid":6016,"level":30,"actorType":"ACTOR1","actorId":"5944","time":"2023-02-27T08:17:23.213Z","msg":"Evaluating action 1/5 in macro github/AssertRepoHasNonEmptyWiki (Navigate to the wiki page)...","v":0}
{"name":"1677485833","hostname":"LAPTOP-O8GIVPNU","pid":6016,"level":10,"actorType":"ACTOR1","actorId":"5944","time":"2023-02-27T08:17:23.281Z","msg":"TRACE: Initializing action org.getopentest.selenium.NavigateTo...","v":0}
{"name":"1677485833","hostname":"LAPTOP-O8GIVPNU","pid":6016,"level":30,"actorType":"ACTOR1","actorId":"5944","time":"2023-02-27T08:17:23.284Z","msg":"Using local Selenium server","v":0}
{"name":"1677485833","hostname":"LAPTOP-O8GIVPNU","pid":6016,"level":10,"actorType":"ACTOR1","actorId":"5944","time":"2023-02-27T08:17:23.285Z","msg":"TRACE: Setting system property \"webdriver.chrome.driver\" to \"C:/Selenium/chromedriver.exe\"","v":0}
{"name":"1677485833","hostname":"LAPTOP-O8GIVPNU","pid":6016,"level":50,"actorType":"ACTOR1","actorId":"5944","time":"2023-02-27T08:17:24.75Z","msg":"ERROR: java.lang.Exception: Failed executing test web/Verify GitHub repos have non-empty wiki, segment 1\r\n\tat org.getopentest.base.TestActor.executeTestSegment(TestActor.java:2208)\r\n\tat org.getopentest.base.TestActor.runOneSession(TestActor.java:3077)\r\n\tat org.getopentest.base.TestActor.runOneSession(TestActor.java:3113)\r\n\tat org.getopentest.Main.main(Main.java:20)\r\nCaused by: java.lang.RuntimeException: There was an error while executing action no. 1 (github.AssertRepoHasNonEmptyWiki) in segment 1 of test web/Verify GitHub repos have non-empty wiki.\nThe action definition was:\n{\n  \"action\": \"org.getopentest.base.MacroAction\",\n  \"args\": {\n    \"repo\": \"tesseract-ocr/tesseract\"\n  },\n  \"macro\": \"github.AssertRepoHasNonEmptyWiki\"\n}\r\n\tat org.getopentest.base.TestActor.executeTestSegment(TestActor.java:2142)\r\n\t... 3 more\r\nCaused by: java.lang.RuntimeException: Failed executing action org.getopentest.base.MacroAction with arguments {\"repo\":\"tesseract-ocr/tesseract\"}\r\n\tat org.getopentest.base.TestActor.executeActionByDef(TestActor.java:1872)\r\n\tat org.getopentest.base.TestActor.executeTestSegment(TestActor.java:2092)\r\n\t... 3 more\r\nCaused by: java.lang.Exception: There was an error executing macro action github.AssertRepoHasNonEmptyWiki with arguments {\"repo\":\"tesseract-ocr/tesseract\"}\r\n\tat org.getopentest.base.TestActor.executeMacroActionByName(TestActor.java:2021)\r\n\tat org.getopentest.base.TestActor.executeActionByDef(TestActor.java:1745)\r\n\t... 4 more\r\nCaused by: java.lang.RuntimeException: There was an error while executing action no. 1 (org.getopentest.selenium.NavigateTo) in macro github/AssertRepoHasNonEmptyWiki.\nThe action definition was:\n{\n  \"action\": \"org.getopentest.selenium.NavigateTo\",\n  \"args\": {\n    \"url\": \"https://github.com/tesseract-ocr/tesseract/wiki\"\n  },\n  \"description\": \"Navigate to the wiki page\"\n}\r\n\tat org.getopentest.base.TestActor.executeMacroActionByDef(TestActor.java:1973)\r\n\tat org.getopentest.base.TestActor.executeMacroActionByName(TestActor.java:2013)\r\n\t... 5 more\r\nCaused by: java.lang.RuntimeException: Failed executing action org.getopentest.selenium.NavigateTo with arguments {\"url\":\"https://github.com/tesseract-ocr/tesseract/wiki\"}\r\n\tat org.getopentest.base.TestActor.executeActionByDef(TestActor.java:1872)\r\n\tat org.getopentest.base.TestActor.executeMacroActionByDef(TestActor.java:1938)\r\n\t... 6 more\r\nCaused by: java.lang.RuntimeException: org.openqa.selenium.SessionNotCreatedException: session not created: This version of ChromeDriver only supports Chrome version 108\nCurrent browser version is 110.0.5481.177 with binary path C:\\Program Files\\Google\\Chrome\\Application\\chrome.exe\nBuild info: version: '3.141.59', revision: 'e82be7d358', time: '2018-11-14T08:17:03'\nSystem info: host: 'LAPTOP-O8GIVPNU', ip: '192.168.0.111', os.name: 'Windows 11', os.arch: 'amd64', os.version: '10.0', java.version: '1.8.0_341'\nDriver info: driver.version: ChromeDriver\nremote stacktrace: Backtrace:\n\t(No symbol) [0x00B8F243]\n\t(No symbol) [0x00B17FD1]\n\t(No symbol) [0x00A0D04D]\n\t(No symbol) [0x00A2F6B4]\n\t(No symbol) [0x00A2A97C]\n\t(No symbol) [0x00A282E9]\n\t(No symbol) [0x00A5F056]\n\t(No symbol) [0x00A5EB2A]\n\t(No symbol) [0x00A58386]\n\t(No symbol) [0x00A3163C]\n\t(No symbol) [0x00A3269D]\n\tGetHandleVerifier [0x00E29A22+2655074]\n\tGetHandleVerifier [0x00E1CA24+2601828]\n\tGetHandleVerifier [0x00C38C0A+619850]\n\tGetHandleVerifier [0x00C37830+614768]\n\t(No symbol) [0x00B205FC]\n\t(No symbol) [0x00B25968]\n\t(No symbol) [0x00B25A55]\n\t(No symbol) [0x00B3051B]\n\tBaseThreadInitThunk [0x75747D69+25]\n\tRtlInitializeExceptionChain [0x7728BB9B+107]\n\tRtlClearBits [0x7728BB1F+191]\n\r\n\tat org.getopentest.base.TestActor.executeActionByClassName(TestActor.java:1670)\r\n\tat org.getopentest.base.TestActor.executeActionByDef(TestActor.java:1749)\r\n\t... 7 more\r\nCaused by: org.openqa.selenium.SessionNotCreatedException: session not created: This version of ChromeDriver only supports Chrome version 108\nCurrent browser version is 110.0.5481.177 with binary path C:\\Program Files\\Google\\Chrome\\Application\\chrome.exe\nBuild info: version: '3.141.59', revision: 'e82be7d358', time: '2018-11-14T08:17:03'\nSystem info: host: 'LAPTOP-O8GIVPNU', ip: '192.168.0.111', os.name: 'Windows 11', os.arch: 'amd64', os.version: '10.0', java.version: '1.8.0_341'\nDriver info: driver.version: ChromeDriver\nremote stacktrace: Backtrace:\n\t(No symbol) [0x00B8F243]\n\t(No symbol) [0x00B17FD1]\n\t(No symbol) [0x00A0D04D]\n\t(No symbol) [0x00A2F6B4]\n\t(No symbol) [0x00A2A97C]\n\t(No symbol) [0x00A282E9]\n\t(No symbol) [0x00A5F056]\n\t(No symbol) [0x00A5EB2A]\n\t(No symbol) [0x00A58386]\n\t(No symbol) [0x00A3163C]\n\t(No symbol) [0x00A3269D]\n\tGetHandleVerifier [0x00E29A22+2655074]\n\tGetHandleVerifier [0x00E1CA24+2601828]\n\tGetHandleVerifier [0x00C38C0A+619850]\n\tGetHandleVerifier [0x00C37830+614768]\n\t(No symbol) [0x00B205FC]\n\t(No symbol) [0x00B25968]\n\t(No symbol) [0x00B25A55]\n\t(No symbol) [0x00B3051B]\n\tBaseThreadInitThunk [0x75747D69+25]\n\tRtlInitializeExceptionChain [0x7728BB9B+107]\n\tRtlClearBits [0x7728BB1F+191]\n\r\n\tat sun.reflect.NativeConstructorAccessorImpl.newInstance0(Native Method)\r\n\tat sun.reflect.NativeConstructorAccessorImpl.newInstance(Unknown Source)\r\n\tat sun.reflect.DelegatingConstructorAccessorImpl.newInstance(Unknown Source)\r\n\tat java.lang.reflect.Constructor.newInstance(Unknown Source)\r\n\tat org.openqa.selenium.remote.W3CHandshakeResponse.lambda$errorHandler$0(W3CHandshakeResponse.java:62)\r\n\tat org.openqa.selenium.remote.HandshakeResponse.lambda$getResponseFunction$0(HandshakeResponse.java:30)\r\n\tat org.openqa.selenium.remote.ProtocolHandshake.lambda$createSession$0(ProtocolHandshake.java:126)\r\n\tat java.util.stream.ReferencePipeline$3$1.accept(Unknown Source)\r\n\tat java.util.Spliterators$ArraySpliterator.tryAdvance(Unknown Source)\r\n\tat java.util.stream.ReferencePipeline.forEachWithCancel(Unknown Source)\r\n\tat java.util.stream.AbstractPipeline.copyIntoWithCancel(Unknown Source)\r\n\tat java.util.stream.AbstractPipeline.copyInto(Unknown Source)\r\n\tat java.util.stream.AbstractPipeline.wrapAndCopyInto(Unknown Source)\r\n\tat java.util.stream.FindOps$FindOp.evaluateSequential(Unknown Source)\r\n\tat java.util.stream.AbstractPipeline.evaluate(Unknown Source)\r\n\tat java.util.stream.ReferencePipeline.findFirst(Unknown Source)\r\n\tat org.openqa.selenium.remote.ProtocolHandshake.createSession(ProtocolHandshake.java:128)\r\n\tat org.openqa.selenium.remote.ProtocolHandshake.createSession(ProtocolHandshake.java:74)\r\n\tat org.openqa.selenium.remote.HttpCommandExecutor.execute(HttpCommandExecutor.java:136)\r\n\tat org.openqa.selenium.remote.service.DriverCommandExecutor.execute(DriverCommandExecutor.java:83)\r\n\tat org.openqa.selenium.remote.RemoteWebDriver.execute(RemoteWebDriver.java:552)\r\n\tat org.openqa.selenium.remote.RemoteWebDriver.startSession(RemoteWebDriver.java:213)\r\n\tat org.openqa.selenium.remote.RemoteWebDriver.<init>(RemoteWebDriver.java:131)\r\n\tat org.openqa.selenium.chrome.ChromeDriver.<init>(ChromeDriver.java:181)\r\n\tat org.openqa.selenium.chrome.ChromeDriver.<init>(ChromeDriver.java:168)\r\n\tat org.openqa.selenium.chrome.ChromeDriver.<init>(ChromeDriver.java:157)\r\n\tat org.getopentest.selenium.core.SeleniumHelper.createDriver(SeleniumHelper.java:91)\r\n\tat org.getopentest.selenium.core.SeleniumHelper.getDriver(SeleniumHelper.java:237)\r\n\tat org.getopentest.selenium.core.SeleniumTestAction.initialize(SeleniumTestAction.java:203)\r\n\tat org.getopentest.base.TestActor.executeAction(TestActor.java:1553)\r\n\tat org.getopentest.base.TestActor.executeActionByClassName(TestActor.java:1647)\r\n\t... 8 more\r\n","v":0}
{"name":"1677485833","hostname":"LAPTOP-O8GIVPNU","pid":6016,"level":30,"actorType":"ACTOR1","actorId":"5944","time":"2023-02-27T08:17:25.28Z","msg":"Test session has completed","v":0}
{"name":"1677485833","hostname":"LAPTOP-O8GIVPNU","pid":6016,"level":10,"actorType":"ACTOR1","actorId":"5944","time":"2023-02-27T08:17:25.283Z","msg":"TRACE: Firing TEST_COMPLETED event...","v":0}
{"name":"1677485833","hostname":"LAPTOP-O8GIVPNU","pid":6016,"level":30,"actorType":"ACTOR1","actorId":"5944","time":"2023-02-27T08:17:25.283Z","msg":"Using local Selenium server","v":0}
{"name":"1677485833","hostname":"LAPTOP-O8GIVPNU","pid":6016,"level":10,"actorType":"ACTOR1","actorId":"5944","time":"2023-02-27T08:17:25.284Z","msg":"TRACE: Setting system property \"webdriver.chrome.driver\" to \"C:/Selenium/chromedriver.exe\"","v":0}
{"name":"1677485833","hostname":"LAPTOP-O8GIVPNU","pid":6016,"level":50,"actorType":"ACTOR1","actorId":"5944","time":"2023-02-27T08:17:26.691Z","msg":"ERROR: The \"runOneSession\" method failed","v":0}
{"name":"1677485833","hostname":"LAPTOP-O8GIVPNU","pid":6016,"level":50,"actorType":"ACTOR1","actorId":"5944","time":"2023-02-27T08:17:26.692Z","msg":"ERROR: java.lang.NullPointerException\r\n\tat org.getopentest.selenium.core.SeleniumTestAction$1.update(SeleniumTestAction.java:190)\r\n\tat java.util.Observable.notifyObservers(Unknown Source)\r\n\tat org.getopentest.base.TestActor.runOneSession(TestActor.java:3102)\r\n\tat org.getopentest.base.TestActor.runOneSession(TestActor.java:3113)\r\n\tat org.getopentest.Main.main(Main.java:20)\r\n","v":0}
{"name":"1677485833","hostname":"LAPTOP-O8GIVPNU","pid":6016,"level":30,"actorType":"ACTOR1","actorId":"5944","time":"2023-02-27T08:17:26.693Z","msg":"Actor 5944 of type ACTOR1 with no tags is waiting to be acquired by a test session...","v":0}
{"name":"1677485833","hostname":"LAPTOP-O8GIVPNU","pid":6016,"level":10,"actorType":"ACTOR1","actorId":"5944","time":"2023-02-27T08:17:57.206Z","msg":"TRACE: Initializing test session information in the \"announce\" method...","v":0}
{"name":"1677485833","hostname":"LAPTOP-O8GIVPNU","pid":6016,"level":10,"actorType":"ACTOR1","actorId":"5944","time":"2023-02-27T08:17:57.208Z","msg":"TRACE: Session ID in sync server response was 1677485874; actor session ID was null","v":0}
