{"name":"1677639804","hostname":"LAPTOP-O8GIVPNU","pid":14604,"level":20,"msg":"Sync server version: 1.3.8 2022-02-25 10:58:11 -0600 50659ecda06a8b79a41f24c1fdff05187324402b","time":"2023-03-01T03:03:23.558Z","v":0}
{"name":"1677639804","hostname":"LAPTOP-O8GIVPNU","pid":14604,"level":30,"msg":"Acquiring actors for session 1677639804: ACTOR1","time":"2023-03-01T03:03:23.584Z","v":0}
{"name":"1677639804","hostname":"LAPTOP-O8GIVPNU","pid":14604,"level":30,"msg":"Session 1677639804 with label \"null\" started at 2023-03-01 03:03:23 UTC","time":"2023-03-01T03:03:23.596Z","v":0}
{"name":"1677639804","hostname":"LAPTOP-O8GIVPNU","pid":14604,"level":30,"actorType":"ACTOR1","actorId":"35853","time":"2023-03-01T03:03:28.54Z","msg":"Actor 35853 of type ACTOR1 was acquired by test session 1677639804","v":0}
{"name":"1677639804","hostname":"LAPTOP-O8GIVPNU","pid":14604,"level":20,"actorType":"ACTOR1","actorId":"35853","time":"2023-03-01T03:03:28.56Z","msg":"DEBUG: Test actor JAR versions:","v":0}
{"name":"1677639804","hostname":"LAPTOP-O8GIVPNU","pid":14604,"level":20,"actorType":"ACTOR1","actorId":"35853","time":"2023-03-01T03:03:28.563Z","msg":"DEBUG:   opentest-appium-0.0.1.jar: 2022-02-25 10:58 -0600 0.0.1-50659ecda06a8b79a41f24c1fdff05187324402b-dirty","v":0}
{"name":"1677639804","hostname":"LAPTOP-O8GIVPNU","pid":14604,"level":20,"actorType":"ACTOR1","actorId":"35853","time":"2023-03-01T03:03:28.565Z","msg":"DEBUG:   opentest-base-0.0.1.jar: 2022-02-25 10:58 -0600 0.0.1-50659ecda06a8b79a41f24c1fdff05187324402b-dirty","v":0}
{"name":"1677639804","hostname":"LAPTOP-O8GIVPNU","pid":14604,"level":20,"actorType":"ACTOR1","actorId":"35853","time":"2023-03-01T03:03:28.566Z","msg":"DEBUG:   opentest-selenium-0.0.1.jar: 2022-02-25 10:58 -0600 0.0.1-50659ecda06a8b79a41f24c1fdff05187324402b-dirty","v":0}
{"name":"1677639804","hostname":"LAPTOP-O8GIVPNU","pid":14604,"level":40,"actorType":"ACTOR1","actorId":"35853","time":"2023-03-01T03:03:28.567Z","msg":"WARN: Failed to log extension JARs","v":0}
{"name":"1677639804","hostname":"LAPTOP-O8GIVPNU","pid":14604,"level":10,"actorType":"ACTOR1","actorId":"35853","time":"2023-03-01T03:03:28.57Z","msg":"TRACE: Firing SESSION_STARTED event...","v":0}
{"name":"1677639804","hostname":"LAPTOP-O8GIVPNU","pid":14604,"level":50,"actorType":"ACTOR1","actorId":"35853","time":"2023-03-01T03:03:28.8Z","msg":"ERROR: Cannot create property=actors for JavaBean=org.getopentest.testdef.TestDefinition@333d4a8c\n in 'reader', line 1, column 1:\n    description: Test the API reques ... \n    ^\nCannot create property=segments for JavaBean=org.getopentest.testdef.TestDefActor@1c742ed4\n in 'reader', line 3, column 5:\n      - actor: ACTOR1\n        ^\nCannot create property=actions for JavaBean=org.getopentest.testdef.TestDefSegment@6a8658ff\n in 'reader', line 5, column 9:\n          - segment: 1\n            ^\nCannot create property=httpPost for JavaBean=org.getopentest.testdef.TestDefAction@3feb2dda\n in 'reader', line 7, column 13:\n              - description: |\n                ^\nUnable to find property 'httpPost' on class: org.getopentest.testdef.TestDefAction\n in 'reader', line 10, column 15:\n                  url: https://api-sqeid.dev.squan ... \n                  ^\n\n in 'reader', line 7, column 11:\n              - description: |\n              ^\n\n in 'reader', line 5, column 7:\n          - segment: 1\n          ^\n\n in 'reader', line 3, column 3:\n      - actor: ACTOR1\n      ^\n\r\n\tat org.yaml.snakeyaml.constructor.Constructor$ConstructMapping.constructJavaBean2ndStep(Constructor.java:291)\r\n\tat org.yaml.snakeyaml.constructor.Constructor$ConstructMapping.construct(Constructor.java:172)\r\n\tat org.yaml.snakeyaml.constructor.Constructor$ConstructYamlObject.construct(Constructor.java:332)\r\n\tat org.yaml.snakeyaml.constructor.BaseConstructor.constructObjectNoCheck(BaseConstructor.java:230)\r\n\tat org.yaml.snakeyaml.constructor.BaseConstructor.constructObject(BaseConstructor.java:220)\r\n\tat org.yaml.snakeyaml.constructor.BaseConstructor.constructDocument(BaseConstructor.java:174)\r\n\tat org.yaml.snakeyaml.constructor.BaseConstructor.getSingleData(BaseConstructor.java:158)\r\n\tat org.yaml.snakeyaml.Yaml.loadFromReader(Yaml.java:490)\r\n\tat org.yaml.snakeyaml.Yaml.loadAs(Yaml.java:484)\r\n\tat org.getopentest.base.TestActor.getTestDefinition(TestActor.java:2474)\r\n\tat org.getopentest.base.TestActor.runOneSession(TestActor.java:2969)\r\n\tat org.getopentest.base.TestActor.runOneSession(TestActor.java:3113)\r\n\tat org.getopentest.Main.main(Main.java:20)\r\nCaused by: Cannot create property=segments for JavaBean=org.getopentest.testdef.TestDefActor@1c742ed4\n in 'reader', line 3, column 5:\n      - actor: ACTOR1\n        ^\nCannot create property=actions for JavaBean=org.getopentest.testdef.TestDefSegment@6a8658ff\n in 'reader', line 5, column 9:\n          - segment: 1\n            ^\nCannot create property=httpPost for JavaBean=org.getopentest.testdef.TestDefAction@3feb2dda\n in 'reader', line 7, column 13:\n              - description: |\n                ^\nUnable to find property 'httpPost' on class: org.getopentest.testdef.TestDefAction\n in 'reader', line 10, column 15:\n                  url: https://api-sqeid.dev.squan ... \n                  ^\n\n in 'reader', line 7, column 11:\n              - description: |\n              ^\n\n in 'reader', line 5, column 7:\n          - segment: 1\n          ^\n\r\n\tat org.yaml.snakeyaml.constructor.Constructor$ConstructMapping.constructJavaBean2ndStep(Constructor.java:291)\r\n\tat org.yaml.snakeyaml.constructor.Constructor$ConstructMapping.construct(Constructor.java:172)\r\n\tat org.yaml.snakeyaml.constructor.BaseConstructor.constructObjectNoCheck(BaseConstructor.java:230)\r\n\tat org.yaml.snakeyaml.constructor.BaseConstructor.constructObject(BaseConstructor.java:220)\r\n\tat org.yaml.snakeyaml.constructor.BaseConstructor.constructSequenceStep2(BaseConstructor.java:391)\r\n\tat org.yaml.snakeyaml.constructor.BaseConstructor.constructSequence(BaseConstructor.java:375)\r\n\tat org.yaml.snakeyaml.constructor.Constructor$ConstructSequence.construct(Constructor.java:543)\r\n\tat org.yaml.snakeyaml.constructor.BaseConstructor.constructObjectNoCheck(BaseConstructor.java:230)\r\n\tat org.yaml.snakeyaml.constructor.BaseConstructor.constructObject(BaseConstructor.java:220)\r\n\tat org.yaml.snakeyaml.constructor.Constructor$ConstructMapping.constructJavaBean2ndStep(Constructor.java:268)\r\n\t... 12 more\r\nCaused by: Cannot create property=actions for JavaBean=org.getopentest.testdef.TestDefSegment@6a8658ff\n in 'reader', line 5, column 9:\n          - segment: 1\n            ^\nCannot create property=httpPost for JavaBean=org.getopentest.testdef.TestDefAction@3feb2dda\n in 'reader', line 7, column 13:\n              - description: |\n                ^\nUnable to find property 'httpPost' on class: org.getopentest.testdef.TestDefAction\n in 'reader', line 10, column 15:\n                  url: https://api-sqeid.dev.squan ... \n                  ^\n\n in 'reader', line 7, column 11:\n              - description: |\n              ^\n\r\n\tat org.yaml.snakeyaml.constructor.Constructor$ConstructMapping.constructJavaBean2ndStep(Constructor.java:291)\r\n\tat org.yaml.snakeyaml.constructor.Constructor$ConstructMapping.construct(Constructor.java:172)\r\n\tat org.yaml.snakeyaml.constructor.BaseConstructor.constructObjectNoCheck(BaseConstructor.java:230)\r\n\tat org.yaml.snakeyaml.constructor.BaseConstructor.constructObject(BaseConstructor.java:220)\r\n\tat org.yaml.snakeyaml.constructor.BaseConstructor.constructSequenceStep2(BaseConstructor.java:391)\r\n\tat org.yaml.snakeyaml.constructor.BaseConstructor.constructSequence(BaseConstructor.java:375)\r\n\tat org.yaml.snakeyaml.constructor.Constructor$ConstructSequence.construct(Constructor.java:543)\r\n\tat org.yaml.snakeyaml.constructor.BaseConstructor.constructObjectNoCheck(BaseConstructor.java:230)\r\n\tat org.yaml.snakeyaml.constructor.BaseConstructor.constructObject(BaseConstructor.java:220)\r\n\tat org.yaml.snakeyaml.constructor.Constructor$ConstructMapping.constructJavaBean2ndStep(Constructor.java:268)\r\n\t... 21 more\r\nCaused by: Cannot create property=httpPost for JavaBean=org.getopentest.testdef.TestDefAction@3feb2dda\n in 'reader', line 7, column 13:\n              - description: |\n                ^\nUnable to find property 'httpPost' on class: org.getopentest.testdef.TestDefAction\n in 'reader', line 10, column 15:\n                  url: https://api-sqeid.dev.squan ... \n                  ^\n\r\n\tat org.yaml.snakeyaml.constructor.Constructor$ConstructMapping.constructJavaBean2ndStep(Constructor.java:291)\r\n\tat org.yaml.snakeyaml.constructor.Constructor$ConstructMapping.construct(Constructor.java:172)\r\n\tat org.yaml.snakeyaml.constructor.BaseConstructor.constructObjectNoCheck(BaseConstructor.java:230)\r\n\tat org.yaml.snakeyaml.constructor.BaseConstructor.constructObject(BaseConstructor.java:220)\r\n\tat org.yaml.snakeyaml.constructor.BaseConstructor.constructSequenceStep2(BaseConstructor.java:391)\r\n\tat org.yaml.snakeyaml.constructor.BaseConstructor.constructSequence(BaseConstructor.java:375)\r\n\tat org.yaml.snakeyaml.constructor.Constructor$ConstructSequence.construct(Constructor.java:543)\r\n\tat org.yaml.snakeyaml.constructor.BaseConstructor.constructObjectNoCheck(BaseConstructor.java:230)\r\n\tat org.yaml.snakeyaml.constructor.BaseConstructor.constructObject(BaseConstructor.java:220)\r\n\tat org.yaml.snakeyaml.constructor.Constructor$ConstructMapping.constructJavaBean2ndStep(Constructor.java:268)\r\n\t... 30 more\r\nCaused by: org.yaml.snakeyaml.error.YAMLException: Unable to find property 'httpPost' on class: org.getopentest.testdef.TestDefAction\r\n\tat org.yaml.snakeyaml.introspector.PropertyUtils.getProperty(PropertyUtils.java:158)\r\n\tat org.yaml.snakeyaml.introspector.PropertyUtils.getProperty(PropertyUtils.java:148)\r\n\tat org.yaml.snakeyaml.constructor.Constructor$ConstructMapping.getProperty(Constructor.java:310)\r\n\tat org.yaml.snakeyaml.constructor.Constructor$ConstructMapping.constructJavaBean2ndStep(Constructor.java:231)\r\n\t... 39 more\r\n","v":0}
{"name":"1677639804","hostname":"LAPTOP-O8GIVPNU","pid":14604,"level":50,"actorType":"ACTOR1","actorId":"35853","time":"2023-03-01T03:03:28.896Z","msg":"ERROR: java.lang.Exception: Failed executing test api/Request and Validate OTP, segment 0\r\n\tat org.getopentest.base.TestActor.executeTestSegment(TestActor.java:2208)\r\n\tat org.getopentest.base.TestActor.runOneSession(TestActor.java:3077)\r\n\tat org.getopentest.base.TestActor.runOneSession(TestActor.java:3113)\r\n\tat org.getopentest.Main.main(Main.java:20)\r\nCaused by: java.lang.NullPointerException\r\n\tat org.getopentest.base.TestActor.executeTestSegment(TestActor.java:2052)\r\n\t... 3 more\r\n","v":0}
{"name":"1677639804","hostname":"LAPTOP-O8GIVPNU","pid":14604,"level":30,"actorType":"ACTOR1","actorId":"35853","time":"2023-03-01T03:03:28.918Z","msg":"Test session has completed","v":0}
{"name":"1677639804","hostname":"LAPTOP-O8GIVPNU","pid":14604,"level":10,"actorType":"ACTOR1","actorId":"35853","time":"2023-03-01T03:03:28.919Z","msg":"TRACE: Firing TEST_COMPLETED event...","v":0}
{"name":"1677639804","hostname":"LAPTOP-O8GIVPNU","pid":14604,"level":10,"actorType":"ACTOR1","actorId":"35853","time":"2023-03-01T03:03:28.92Z","msg":"TRACE: Firing SESSION_COMPLETED event...","v":0}
{"name":"1677639804","hostname":"LAPTOP-O8GIVPNU","pid":14604,"level":30,"actorType":"ACTOR1","actorId":"35853","time":"2023-03-01T03:03:28.923Z","msg":"Actor 35853 of type ACTOR1 with no tags is waiting to be acquired by a test session...","v":0}
{"name":"1677639804","hostname":"LAPTOP-O8GIVPNU","pid":14604,"level":10,"actorType":"ACTOR1","actorId":"35853","time":"2023-03-01T03:04:43.161Z","msg":"TRACE: Initializing test session information in the \"announce\" method...","v":0}
{"name":"1677639804","hostname":"LAPTOP-O8GIVPNU","pid":14604,"level":10,"actorType":"ACTOR1","actorId":"35853","time":"2023-03-01T03:04:43.162Z","msg":"TRACE: Session ID in sync server response was 1677639882; actor session ID was null","v":0}
