{"name":"1677485874","hostname":"LAPTOP-O8GIVPNU","pid":6016,"level":20,"msg":"Sync server version: 1.3.8 2022-02-25 10:58:11 -0600 50659ecda06a8b79a41f24c1fdff05187324402b","time":"2023-02-27T08:17:53.796Z","v":0}
{"name":"1677485874","hostname":"LAPTOP-O8GIVPNU","pid":6016,"level":30,"msg":"Acquiring actors for session 1677485874: ACTOR1","time":"2023-02-27T08:17:53.805Z","v":0}
{"name":"1677485874","hostname":"LAPTOP-O8GIVPNU","pid":6016,"level":30,"msg":"Session 1677485874 with label \"null\" started at 2023-02-27 08:17:53 UTC","time":"2023-02-27T08:17:53.809Z","v":0}
{"name":"1677485874","hostname":"LAPTOP-O8GIVPNU","pid":6016,"level":30,"actorType":"ACTOR1","actorId":"5944","time":"2023-02-27T08:17:57.974Z","msg":"Actor 5944 of type ACTOR1 was acquired by test session 1677485874","v":0}
{"name":"1677485874","hostname":"LAPTOP-O8GIVPNU","pid":6016,"level":20,"actorType":"ACTOR1","actorId":"5944","time":"2023-02-27T08:17:57.985Z","msg":"DEBUG: Test actor JAR versions:","v":0}
{"name":"1677485874","hostname":"LAPTOP-O8GIVPNU","pid":6016,"level":20,"actorType":"ACTOR1","actorId":"5944","time":"2023-02-27T08:17:57.988Z","msg":"DEBUG:   opentest-appium-0.0.1.jar: 2022-02-25 10:58 -0600 0.0.1-50659ecda06a8b79a41f24c1fdff05187324402b-dirty","v":0}
{"name":"1677485874","hostname":"LAPTOP-O8GIVPNU","pid":6016,"level":20,"actorType":"ACTOR1","actorId":"5944","time":"2023-02-27T08:17:57.989Z","msg":"DEBUG:   opentest-base-0.0.1.jar: 2022-02-25 10:58 -0600 0.0.1-50659ecda06a8b79a41f24c1fdff05187324402b-dirty","v":0}
{"name":"1677485874","hostname":"LAPTOP-O8GIVPNU","pid":6016,"level":20,"actorType":"ACTOR1","actorId":"5944","time":"2023-02-27T08:17:57.991Z","msg":"DEBUG:   opentest-selenium-0.0.1.jar: 2022-02-25 10:58 -0600 0.0.1-50659ecda06a8b79a41f24c1fdff05187324402b-dirty","v":0}
{"name":"1677485874","hostname":"LAPTOP-O8GIVPNU","pid":6016,"level":40,"actorType":"ACTOR1","actorId":"5944","time":"2023-02-27T08:17:57.995Z","msg":"WARN: Failed to log extension JARs","v":0}
{"name":"1677485874","hostname":"LAPTOP-O8GIVPNU","pid":6016,"level":10,"actorType":"ACTOR1","actorId":"5944","time":"2023-02-27T08:17:57.996Z","msg":"TRACE: Firing SESSION_STARTED event...","v":0}
{"name":"1677485874","hostname":"LAPTOP-O8GIVPNU","pid":6016,"level":30,"actorType":"ACTOR1","actorId":"5944","time":"2023-02-27T08:17:58.124Z","msg":"==================== ACTOR1: web/Find the React repo on GitHub's website ====================","v":0}
{"name":"1677485874","hostname":"LAPTOP-O8GIVPNU","pid":6016,"level":30,"actorType":"ACTOR1","actorId":"5944","time":"2023-02-27T08:17:58.126Z","msg":"Actor ACTOR1 started executing test web/Find the React repo on GitHub's website...","v":0}
{"name":"1677485874","hostname":"LAPTOP-O8GIVPNU","pid":6016,"level":10,"actorType":"ACTOR1","actorId":"5944","time":"2023-02-27T08:17:58.131Z","msg":"TRACE: Firing TEST_STARTED event...","v":0}
{"name":"1677485874","hostname":"LAPTOP-O8GIVPNU","pid":6016,"level":30,"actorType":"ACTOR1","actorId":"5944","time":"2023-02-27T08:17:58.208Z","msg":"Executing segment 1 of test web/Find the React repo on GitHub's website...","v":0}
{"name":"1677485874","hostname":"LAPTOP-O8GIVPNU","pid":6016,"level":30,"actorType":"ACTOR1","actorId":"5944","time":"2023-02-27T08:17:58.209Z","msg":"Evaluating action 1/4 (org.getopentest.selenium.NavigateTo) in segment 1 (Navigate to the GitHub homepage)...","v":0}
{"name":"1677485874","hostname":"LAPTOP-O8GIVPNU","pid":6016,"level":10,"actorType":"ACTOR1","actorId":"5944","time":"2023-02-27T08:17:58.21Z","msg":"TRACE: Initializing action org.getopentest.selenium.NavigateTo...","v":0}
{"name":"1677485874","hostname":"LAPTOP-O8GIVPNU","pid":6016,"level":30,"actorType":"ACTOR1","actorId":"5944","time":"2023-02-27T08:17:58.21Z","msg":"Using local Selenium server","v":0}
{"name":"1677485874","hostname":"LAPTOP-O8GIVPNU","pid":6016,"level":10,"actorType":"ACTOR1","actorId":"5944","time":"2023-02-27T08:17:58.211Z","msg":"TRACE: Setting system property \"webdriver.chrome.driver\" to \"C:/Selenium/chromedriver.exe\"","v":0}
{"name":"1677485874","hostname":"LAPTOP-O8GIVPNU","pid":6016,"level":50,"actorType":"ACTOR1","actorId":"5944","time":"2023-02-27T08:17:59.656Z","msg":"ERROR: java.lang.Exception: Failed executing test web/Find the React repo on GitHub's website, segment 1\r\n\tat org.getopentest.base.TestActor.executeTestSegment(TestActor.java:2208)\r\n\tat org.getopentest.base.TestActor.runOneSession(TestActor.java:3077)\r\n\tat org.getopentest.base.TestActor.runOneSession(TestActor.java:3113)\r\n\tat org.getopentest.Main.main(Main.java:20)\r\nCaused by: java.lang.RuntimeException: There was an error while executing action no. 1 (org.getopentest.selenium.NavigateTo) in segment 1 of test web/Find the React repo on GitHub's website.\nThe action definition was:\n{\n  \"action\": \"org.getopentest.selenium.NavigateTo\",\n  \"args\": {\n    \"url\": \"https://github.com/\"\n  },\n  \"description\": \"Navigate to the GitHub homepage\"\n}\r\n\tat org.getopentest.base.TestActor.executeTestSegment(TestActor.java:2142)\r\n\t... 3 more\r\nCaused by: java.lang.RuntimeException: Failed executing action org.getopentest.selenium.NavigateTo with arguments {\"url\":\"https://github.com/\"}\r\n\tat org.getopentest.base.TestActor.executeActionByDef(TestActor.java:1872)\r\n\tat org.getopentest.base.TestActor.executeTestSegment(TestActor.java:2092)\r\n\t... 3 more\r\nCaused by: java.lang.RuntimeException: org.openqa.selenium.SessionNotCreatedException: session not created: This version of ChromeDriver only supports Chrome version 108\nCurrent browser version is 110.0.5481.177 with binary path C:\\Program Files\\Google\\Chrome\\Application\\chrome.exe\nBuild info: version: '3.141.59', revision: 'e82be7d358', time: '2018-11-14T08:17:03'\nSystem info: host: 'LAPTOP-O8GIVPNU', ip: '192.168.0.111', os.name: 'Windows 11', os.arch: 'amd64', os.version: '10.0', java.version: '1.8.0_341'\nDriver info: driver.version: ChromeDriver\nremote stacktrace: Backtrace:\n\t(No symbol) [0x00B8F243]\n\t(No symbol) [0x00B17FD1]\n\t(No symbol) [0x00A0D04D]\n\t(No symbol) [0x00A2F6B4]\n\t(No symbol) [0x00A2A97C]\n\t(No symbol) [0x00A282E9]\n\t(No symbol) [0x00A5F056]\n\t(No symbol) [0x00A5EB2A]\n\t(No symbol) [0x00A58386]\n\t(No symbol) [0x00A3163C]\n\t(No symbol) [0x00A3269D]\n\tGetHandleVerifier [0x00E29A22+2655074]\n\tGetHandleVerifier [0x00E1CA24+2601828]\n\tGetHandleVerifier [0x00C38C0A+619850]\n\tGetHandleVerifier [0x00C37830+614768]\n\t(No symbol) [0x00B205FC]\n\t(No symbol) [0x00B25968]\n\t(No symbol) [0x00B25A55]\n\t(No symbol) [0x00B3051B]\n\tBaseThreadInitThunk [0x75747D69+25]\n\tRtlInitializeExceptionChain [0x7728BB9B+107]\n\tRtlClearBits [0x7728BB1F+191]\n\r\n\tat org.getopentest.base.TestActor.executeActionByClassName(TestActor.java:1670)\r\n\tat org.getopentest.base.TestActor.executeActionByDef(TestActor.java:1749)\r\n\t... 4 more\r\nCaused by: org.openqa.selenium.SessionNotCreatedException: session not created: This version of ChromeDriver only supports Chrome version 108\nCurrent browser version is 110.0.5481.177 with binary path C:\\Program Files\\Google\\Chrome\\Application\\chrome.exe\nBuild info: version: '3.141.59', revision: 'e82be7d358', time: '2018-11-14T08:17:03'\nSystem info: host: 'LAPTOP-O8GIVPNU', ip: '192.168.0.111', os.name: 'Windows 11', os.arch: 'amd64', os.version: '10.0', java.version: '1.8.0_341'\nDriver info: driver.version: ChromeDriver\nremote stacktrace: Backtrace:\n\t(No symbol) [0x00B8F243]\n\t(No symbol) [0x00B17FD1]\n\t(No symbol) [0x00A0D04D]\n\t(No symbol) [0x00A2F6B4]\n\t(No symbol) [0x00A2A97C]\n\t(No symbol) [0x00A282E9]\n\t(No symbol) [0x00A5F056]\n\t(No symbol) [0x00A5EB2A]\n\t(No symbol) [0x00A58386]\n\t(No symbol) [0x00A3163C]\n\t(No symbol) [0x00A3269D]\n\tGetHandleVerifier [0x00E29A22+2655074]\n\tGetHandleVerifier [0x00E1CA24+2601828]\n\tGetHandleVerifier [0x00C38C0A+619850]\n\tGetHandleVerifier [0x00C37830+614768]\n\t(No symbol) [0x00B205FC]\n\t(No symbol) [0x00B25968]\n\t(No symbol) [0x00B25A55]\n\t(No symbol) [0x00B3051B]\n\tBaseThreadInitThunk [0x75747D69+25]\n\tRtlInitializeExceptionChain [0x7728BB9B+107]\n\tRtlClearBits [0x7728BB1F+191]\n\r\n\tat sun.reflect.NativeConstructorAccessorImpl.newInstance0(Native Method)\r\n\tat sun.reflect.NativeConstructorAccessorImpl.newInstance(Unknown Source)\r\n\tat sun.reflect.DelegatingConstructorAccessorImpl.newInstance(Unknown Source)\r\n\tat java.lang.reflect.Constructor.newInstance(Unknown Source)\r\n\tat org.openqa.selenium.remote.W3CHandshakeResponse.lambda$errorHandler$0(W3CHandshakeResponse.java:62)\r\n\tat org.openqa.selenium.remote.HandshakeResponse.lambda$getResponseFunction$0(HandshakeResponse.java:30)\r\n\tat org.openqa.selenium.remote.ProtocolHandshake.lambda$createSession$0(ProtocolHandshake.java:126)\r\n\tat java.util.stream.ReferencePipeline$3$1.accept(Unknown Source)\r\n\tat java.util.Spliterators$ArraySpliterator.tryAdvance(Unknown Source)\r\n\tat java.util.stream.ReferencePipeline.forEachWithCancel(Unknown Source)\r\n\tat java.util.stream.AbstractPipeline.copyIntoWithCancel(Unknown Source)\r\n\tat java.util.stream.AbstractPipeline.copyInto(Unknown Source)\r\n\tat java.util.stream.AbstractPipeline.wrapAndCopyInto(Unknown Source)\r\n\tat java.util.stream.FindOps$FindOp.evaluateSequential(Unknown Source)\r\n\tat java.util.stream.AbstractPipeline.evaluate(Unknown Source)\r\n\tat java.util.stream.ReferencePipeline.findFirst(Unknown Source)\r\n\tat org.openqa.selenium.remote.ProtocolHandshake.createSession(ProtocolHandshake.java:128)\r\n\tat org.openqa.selenium.remote.ProtocolHandshake.createSession(ProtocolHandshake.java:74)\r\n\tat org.openqa.selenium.remote.HttpCommandExecutor.execute(HttpCommandExecutor.java:136)\r\n\tat org.openqa.selenium.remote.service.DriverCommandExecutor.execute(DriverCommandExecutor.java:83)\r\n\tat org.openqa.selenium.remote.RemoteWebDriver.execute(RemoteWebDriver.java:552)\r\n\tat org.openqa.selenium.remote.RemoteWebDriver.startSession(RemoteWebDriver.java:213)\r\n\tat org.openqa.selenium.remote.RemoteWebDriver.<init>(RemoteWebDriver.java:131)\r\n\tat org.openqa.selenium.chrome.ChromeDriver.<init>(ChromeDriver.java:181)\r\n\tat org.openqa.selenium.chrome.ChromeDriver.<init>(ChromeDriver.java:168)\r\n\tat org.openqa.selenium.chrome.ChromeDriver.<init>(ChromeDriver.java:157)\r\n\tat org.getopentest.selenium.core.SeleniumHelper.createDriver(SeleniumHelper.java:91)\r\n\tat org.getopentest.selenium.core.SeleniumHelper.getDriver(SeleniumHelper.java:237)\r\n\tat org.getopentest.selenium.core.SeleniumTestAction.initialize(SeleniumTestAction.java:203)\r\n\tat org.getopentest.base.TestActor.executeAction(TestActor.java:1553)\r\n\tat org.getopentest.base.TestActor.executeActionByClassName(TestActor.java:1647)\r\n\t... 5 more\r\n","v":0}
{"name":"1677485874","hostname":"LAPTOP-O8GIVPNU","pid":6016,"level":30,"actorType":"ACTOR1","actorId":"5944","time":"2023-02-27T08:18:00.174Z","msg":"Test session has completed","v":0}
{"name":"1677485874","hostname":"LAPTOP-O8GIVPNU","pid":6016,"level":10,"actorType":"ACTOR1","actorId":"5944","time":"2023-02-27T08:18:00.176Z","msg":"TRACE: Firing TEST_COMPLETED event...","v":0}
{"name":"1677485874","hostname":"LAPTOP-O8GIVPNU","pid":6016,"level":30,"actorType":"ACTOR1","actorId":"5944","time":"2023-02-27T08:18:00.177Z","msg":"Using local Selenium server","v":0}
{"name":"1677485874","hostname":"LAPTOP-O8GIVPNU","pid":6016,"level":10,"actorType":"ACTOR1","actorId":"5944","time":"2023-02-27T08:18:00.178Z","msg":"TRACE: Setting system property \"webdriver.chrome.driver\" to \"C:/Selenium/chromedriver.exe\"","v":0}
{"name":"1677485874","hostname":"LAPTOP-O8GIVPNU","pid":6016,"level":50,"actorType":"ACTOR1","actorId":"5944","time":"2023-02-27T08:18:01.743Z","msg":"ERROR: The \"runOneSession\" method failed","v":0}
{"name":"1677485874","hostname":"LAPTOP-O8GIVPNU","pid":6016,"level":50,"actorType":"ACTOR1","actorId":"5944","time":"2023-02-27T08:18:01.744Z","msg":"ERROR: java.lang.NullPointerException\r\n\tat org.getopentest.selenium.core.SeleniumTestAction$1.update(SeleniumTestAction.java:190)\r\n\tat java.util.Observable.notifyObservers(Unknown Source)\r\n\tat org.getopentest.base.TestActor.runOneSession(TestActor.java:3102)\r\n\tat org.getopentest.base.TestActor.runOneSession(TestActor.java:3113)\r\n\tat org.getopentest.Main.main(Main.java:20)\r\n","v":0}
{"name":"1677485874","hostname":"LAPTOP-O8GIVPNU","pid":6016,"level":30,"actorType":"ACTOR1","actorId":"5944","time":"2023-02-27T08:18:01.745Z","msg":"Actor 5944 of type ACTOR1 with no tags is waiting to be acquired by a test session...","v":0}
