{"id":1677639804,"actors":{"35853":{"id":35853,"lastSeenTime":1677639802828,"testSessionId":1677639804,"type":"ACTOR1","tags":[],"_id":"IxC4BzWjyixx9VnQ","ip":"::ffff:127.0.0.1","tests":[{"currentSegmentIndex":0,"segments":[{"index":0,"status":"completed","timeStarted":1677639808857,"timeCompleted":1677639808889,"result":"failed"}],"name":"Request and Validate OTP","path":"api","timeCompleted":null,"timeStarted":1677639808857}]}},"maxIterations":"1","currentIteration":1,"currentTestIndex":1,"currentSegmentIndex":0,"label":"Session 1677639804","result":"failed","status":"completed","tests":[{"actions":[],"currentIteration":1,"currentSegmentIndex":0,"isDataDriven":false,"name":"Request and Validate OTP","path":"api","result":"failed","status":"completed","segments":[{"index":0,"result":"failed","status":"completed","timeStarted":1677639808857,"timeCompleted":1677639808889},{"index":1,"result":"pending","status":"pending"}],"tags":[],"timeStarted":1677639808857,"timeCompleted":1677639808889}],"timeCreated":1677639803573,"timeStarted":1677639808857,"timeCompleted":1677639808889,"lastActivity":1677639808888,"_id":"3JtKlppkzmNNupCM","actorTags":[],"environment":"","currentDataRecordIndex":-1}
{"id":1677484911,"actors":{"5944":{"id":5944,"lastSeenTime":1677484907979,"testSessionId":1677484911,"type":"ACTOR1","tags":[],"_id":"avidZXY9zlmKNYAj","ip":"::ffff:127.0.0.1","tests":[{"currentSegmentIndex":1,"segments":[{"index":0,"status":"completed","timeStarted":1677484914138,"timeCompleted":1677484914180,"result":"passed"},{"index":1,"status":"completed","timeStarted":1677484914219,"timeCompleted":1677484915916,"result":"passed"}],"name":"GitHub API test","path":"api","timeCompleted":null,"timeStarted":1677484914138}]}},"maxIterations":"1","currentIteration":1,"currentTestIndex":1,"currentSegmentIndex":0,"label":"Session 1677484911","result":"passed","status":"completed","tests":[{"actions":[{"action":"org.getopentest.actions.HttpRequest","actorType":"ACTOR1","args":{"verb":"GET","d$localData":{"branches":"$output.body;"},"url":"https://api.github.com/repos/facebook/react/branches"},"isCheckpoint":false,"description":"Call the GET /repos/:owner/:repo/branches API","durationMs":1324,"macroStack":[],"result":"passed","segment":1},{"action":"org.getopentest.base.ScriptAction","actorType":"ACTOR1","args":{},"isCheckpoint":false,"description":"Verify that the branches array was returned and is not empty","durationMs":240,"macroStack":[],"result":"passed","segment":1}],"currentIteration":1,"currentSegmentIndex":0,"isDataDriven":false,"name":"GitHub API test","path":"api","result":"passed","status":"completed","segments":[{"index":0,"result":"passed","status":"completed","timeStarted":1677484914138,"timeCompleted":1677484914181},{"index":1,"result":"passed","status":"completed","timeStarted":1677484914219,"timeCompleted":1677484915916}],"tags":[],"timeStarted":1677484914138,"timeCompleted":1677484915916}],"timeCreated":1677484911410,"timeStarted":1677484914138,"timeCompleted":1677484915917,"lastActivity":1677484915914,"_id":"AO8ev9ePGjUkn5W8","actorTags":[],"environment":"","currentDataRecordIndex":-1}
{"id":1677642488,"actors":{"35853":{"id":35853,"lastSeenTime":1677642487813,"testSessionId":1677642488,"type":"ACTOR1","tags":[],"_id":"IxC4BzWjyixx9VnQ","ip":"::ffff:127.0.0.1","tests":[{"currentSegmentIndex":1,"segments":[{"index":0,"status":"completed","timeStarted":1677642493233,"timeCompleted":1677642493262,"result":"passed"},{"index":1,"status":"completed","timeStarted":1677642493292,"timeCompleted":1677642494139,"result":"passed"}],"name":"Request and Validate OTP","path":"api","timeCompleted":null,"timeStarted":1677642493233}]}},"maxIterations":"1","currentIteration":1,"currentTestIndex":1,"currentSegmentIndex":0,"label":"OTP Test","result":"passed","status":"completed","tests":[{"actions":[{"action":"org.getopentest.actions.HttpRequest","actorType":"ACTOR1","args":{"verb":"POST","headers":{"Content-Type":"application/json"},"body":{"client_id":"groot","client_secret_key":"F7Z3XOoYcVcW1Rw3fKPvFzVVE86SRqE8","user_id":"harisfajartiga@gmail.com"},"url":"https://api-sqeid.dev.squantumengine.com/v1/cosmos/otp/request","validate":[{"assert":{"that":"response.statusCode","isEqualTo":200}},{"script":"var otpCode = JSON.parse(response.body).otp;\ntest.setVariable(\"otpCode\", otpCode);\n"}]},"isCheckpoint":false,"description":"Request an OTP code","durationMs":593,"macroStack":[],"result":"passed","segment":1},{"action":"org.getopentest.actions.HttpRequest","actorType":"ACTOR1","args":{"verb":"POST","headers":{"Content-Type":"application/json"},"body":{"client_id":"groot","client_secret_key":"F7Z3XOoYcVcW1Rw3fKPvFzVVE86SRqE8","user_id":"harisfajartiga@gmail.com","otp":"${test.getVariable(\"otpCode\")}"},"url":"https://api-sqeid.dev.squantumengine.com/v1/cosmos/otp/validate","validate":[{"assert":{"that":"response.statusCode","isEqualTo":200}}]},"isCheckpoint":false,"description":"Validate the OTP code","durationMs":230,"macroStack":[],"result":"passed","segment":1}],"currentIteration":1,"currentSegmentIndex":0,"isDataDriven":false,"name":"Request and Validate OTP","path":"api","result":"passed","status":"completed","segments":[{"index":0,"result":"passed","status":"completed","timeStarted":1677642493233,"timeCompleted":1677642493262},{"index":1,"result":"passed","status":"completed","timeStarted":1677642493292,"timeCompleted":1677642494139}],"tags":[],"timeStarted":1677642493233,"timeCompleted":1677642494139}],"timeCreated":1677642488086,"timeStarted":1677642493233,"timeCompleted":1677642494139,"lastActivity":1677642494138,"_id":"VQu0QntPzZg97ZIv","actorTags":[],"environment":"","currentDataRecordIndex":-1}
{"id":1677639882,"actors":{"35853":{"id":35853,"lastSeenTime":1677639878134,"testSessionId":1677639882,"type":"ACTOR1","tags":[],"_id":"IxC4BzWjyixx9VnQ","ip":"::ffff:127.0.0.1","tests":[{"currentSegmentIndex":1,"segments":[{"index":0,"status":"completed","timeStarted":1677639883653,"timeCompleted":1677639883682,"result":"passed"},{"index":1,"status":"completed","timeStarted":1677639883706,"timeCompleted":1677639885347,"result":"passed"}],"name":"GitHub API test","path":"api","timeCompleted":null,"timeStarted":1677639883653}]}},"maxIterations":"1","currentIteration":1,"currentTestIndex":1,"currentSegmentIndex":0,"label":"Session 1677639882","result":"passed","status":"completed","tests":[{"actions":[{"action":"org.getopentest.actions.HttpRequest","actorType":"ACTOR1","args":{"verb":"GET","d$localData":{"branches":"$output.body;"},"url":"https://api.github.com/repos/facebook/react/branches"},"isCheckpoint":false,"description":"Call the GET /repos/:owner/:repo/branches API","durationMs":1284,"macroStack":[],"result":"passed","segment":1},{"action":"org.getopentest.base.ScriptAction","actorType":"ACTOR1","args":{},"isCheckpoint":false,"description":"Verify that the branches array was returned and is not empty","durationMs":267,"macroStack":[],"result":"passed","segment":1}],"currentIteration":1,"currentSegmentIndex":0,"isDataDriven":false,"name":"GitHub API test","path":"api","result":"passed","status":"completed","segments":[{"index":0,"result":"passed","status":"completed","timeStarted":1677639883653,"timeCompleted":1677639883682},{"index":1,"result":"passed","status":"completed","timeStarted":1677639883706,"timeCompleted":1677639885347}],"tags":[],"timeStarted":1677639883653,"timeCompleted":1677639885347}],"timeCreated":1677639882466,"timeStarted":1677639883653,"timeCompleted":1677639885347,"lastActivity":1677639885346,"_id":"XmJz50k2jWRyZBxg","actorTags":[],"environment":"","currentDataRecordIndex":-1}
{"id":1677642349,"actors":{"35853":{"id":35853,"lastSeenTime":1677642347267,"testSessionId":1677642349,"type":"ACTOR1","tags":[],"_id":"IxC4BzWjyixx9VnQ","ip":"::ffff:127.0.0.1","tests":[{"currentSegmentIndex":1,"segments":[{"index":0,"status":"completed","timeStarted":1677642352828,"timeCompleted":1677642352864,"result":"passed"},{"index":1,"status":"completed","timeStarted":1677642352888,"timeCompleted":1677642353231,"result":"passed"}],"name":"Request and Validate OTP","path":"api","timeCompleted":null,"timeStarted":1677642352828}]}},"maxIterations":"1","currentIteration":1,"currentTestIndex":1,"currentSegmentIndex":0,"label":"Session 1677642349","result":"passed","status":"completed","tests":[{"actions":[{"action":"org.getopentest.actions.HttpRequest","actorType":"ACTOR1","args":{"verb":"POST","headers":{"Content-Type":"application/json"},"body":{"client_id":"groot","client_secret_key":"F7Z3XOoYcVcW1Rw3fKPvFzVVE86SRqE8","user_id":"harisfajartiga@gmail.com"},"url":"https://api-sqeid.dev.squantumengine.com/v1/cosmos/otp/request","validate":[{"assert":{"that":"response.statusCode","isEqualTo":200}},{"script":"var otpCode = JSON.parse(response.body).otp;\ntest.setVariable(\"otpCode\", otpCode);\n"}]},"isCheckpoint":false,"description":"Request an OTP code","durationMs":206,"macroStack":[],"result":"passed","segment":1},{"action":"org.getopentest.actions.HttpRequest","actorType":"ACTOR1","args":{"verb":"POST","headers":{"Content-Type":"application/json"},"body":{"client_id":"groot","client_secret_key":"F7Z3XOoYcVcW1Rw3fKPvFzVVE86SRqE8","user_id":"harisfajartiga@gmail.com","otp":"${test.getVariable(\"otpCode\")}"},"url":"https://api-sqeid.dev.squantumengine.com/v1/cosmos/otp/validate","validate":[{"assert":{"that":"response.statusCode","isEqualTo":200}}]},"isCheckpoint":false,"description":"Validate the OTP code","durationMs":114,"macroStack":[],"result":"passed","segment":1}],"currentIteration":1,"currentSegmentIndex":0,"isDataDriven":false,"name":"Request and Validate OTP","path":"api","result":"passed","status":"completed","segments":[{"index":0,"result":"passed","status":"completed","timeStarted":1677642352828,"timeCompleted":1677642352864},{"index":1,"result":"passed","status":"completed","timeStarted":1677642352888,"timeCompleted":1677642353231}],"tags":[],"timeStarted":1677642352828,"timeCompleted":1677642353231}],"timeCreated":1677642348936,"timeStarted":1677642352828,"timeCompleted":1677642353233,"lastActivity":1677642353223,"_id":"dJih5mC1qXs66EOD","actorTags":[],"environment":"","currentDataRecordIndex":-1}
{"id":1677485874,"actors":{"5944":{"id":5944,"lastSeenTime":1677485872170,"testSessionId":1677485874,"type":"ACTOR1","tags":[],"_id":"avidZXY9zlmKNYAj","ip":"::ffff:127.0.0.1","tests":[{"currentSegmentIndex":1,"segments":[{"index":0,"status":"completed","timeStarted":1677485878140,"timeCompleted":1677485878171,"result":"passed"},{"index":1,"status":"completed","timeStarted":1677485878203,"timeCompleted":1677485879647,"result":"failed"}],"name":"Find the React repo on GitHub's website","path":"web","timeCompleted":null,"timeStarted":1677485878140}]}},"maxIterations":"1","currentIteration":1,"currentTestIndex":1,"currentSegmentIndex":0,"label":"Session 1677485874","result":"failed","status":"completed","tests":[{"actions":[{"action":"org.getopentest.selenium.NavigateTo","actorType":"ACTOR1","args":{"url":"https://github.com/"},"isCheckpoint":false,"description":"Navigate to the GitHub homepage","durationMs":1418,"macroStack":[],"result":"failed","segment":1,"stackTrace":"java.lang.RuntimeException: org.openqa.selenium.SessionNotCreatedException: session not created: This version of ChromeDriver only supports Chrome version 108\nCurrent browser version is 110.0.5481.177 with binary path C:\\Program Files\\Google\\Chrome\\Application\\chrome.exe\nBuild info: version: '3.141.59', revision: 'e82be7d358', time: '2018-11-14T08:17:03'\nSystem info: host: 'LAPTOP-O8GIVPNU', ip: '192.168.0.111', os.name: 'Windows 11', os.arch: 'amd64', os.version: '10.0', java.version: '1.8.0_341'\nDriver info: driver.version: ChromeDriver\nremote stacktrace: Backtrace:\n\t(No symbol) [0x00B8F243]\n\t(No symbol) [0x00B17FD1]\n\t(No symbol) [0x00A0D04D]\n\t(No symbol) [0x00A2F6B4]\n\t(No symbol) [0x00A2A97C]\n\t(No symbol) [0x00A282E9]\n\t(No symbol) [0x00A5F056]\n\t(No symbol) [0x00A5EB2A]\n\t(No symbol) [0x00A58386]\n\t(No symbol) [0x00A3163C]\n\t(No symbol) [0x00A3269D]\n\tGetHandleVerifier [0x00E29A22+2655074]\n\tGetHandleVerifier [0x00E1CA24+2601828]\n\tGetHandleVerifier [0x00C38C0A+619850]\n\tGetHandleVerifier [0x00C37830+614768]\n\t(No symbol) [0x00B205FC]\n\t(No symbol) [0x00B25968]\n\t(No symbol) [0x00B25A55]\n\t(No symbol) [0x00B3051B]\n\tBaseThreadInitThunk [0x75747D69+25]\n\tRtlInitializeExceptionChain [0x7728BB9B+107]\n\tRtlClearBits [0x7728BB1F+191]\n\r\n\tat org.getopentest.base.TestActor.executeActionByClassName(TestActor.java:1670)\r\n\tat org.getopentest.base.TestActor.executeActionByDef(TestActor.java:1749)\r\n\tat org.getopentest.base.TestActor.executeTestSegment(TestActor.java:2092)\r\n\tat org.getopentest.base.TestActor.runOneSession(TestActor.java:3077)\r\n\tat org.getopentest.base.TestActor.runOneSession(TestActor.java:3113)\r\n\tat org.getopentest.Main.main(Main.java:20)\r\nCaused by: org.openqa.selenium.SessionNotCreatedException: session not created: This version of ChromeDriver only supports Chrome version 108\nCurrent browser version is 110.0.5481.177 with binary path C:\\Program Files\\Google\\Chrome\\Application\\chrome.exe\nBuild info: version: '3.141.59', revision: 'e82be7d358', time: '2018-11-14T08:17:03'\nSystem info: host: 'LAPTOP-O8GIVPNU', ip: '192.168.0.111', os.name: 'Windows 11', os.arch: 'amd64', os.version: '10.0', java.version: '1.8.0_341'\nDriver info: driver.version: ChromeDriver\nremote stacktrace: Backtrace:\n\t(No symbol) [0x00B8F243]\n\t(No symbol) [0x00B17FD1]\n\t(No symbol) [0x00A0D04D]\n\t(No symbol) [0x00A2F6B4]\n\t(No symbol) [0x00A2A97C]\n\t(No symbol) [0x00A282E9]\n\t(No symbol) [0x00A5F056]\n\t(No symbol) [0x00A5EB2A]\n\t(No symbol) [0x00A58386]\n\t(No symbol) [0x00A3163C]\n\t(No symbol) [0x00A3269D]\n\tGetHandleVerifier [0x00E29A22+2655074]\n\tGetHandleVerifier [0x00E1CA24+2601828]\n\tGetHandleVerifier [0x00C38C0A+619850]\n\tGetHandleVerifier [0x00C37830+614768]\n\t(No symbol) [0x00B205FC]\n\t(No symbol) [0x00B25968]\n\t(No symbol) [0x00B25A55]\n\t(No symbol) [0x00B3051B]\n\tBaseThreadInitThunk [0x75747D69+25]\n\tRtlInitializeExceptionChain [0x7728BB9B+107]\n\tRtlClearBits [0x7728BB1F+191]\n\r\n\tat sun.reflect.NativeConstructorAccessorImpl.newInstance0(Native Method)\r\n\tat sun.reflect.NativeConstructorAccessorImpl.newInstance(Unknown Source)\r\n\tat sun.reflect.DelegatingConstructorAccessorImpl.newInstance(Unknown Source)\r\n\tat java.lang.reflect.Constructor.newInstance(Unknown Source)\r\n\tat org.openqa.selenium.remote.W3CHandshakeResponse.lambda$errorHandler$0(W3CHandshakeResponse.java:62)\r\n\tat org.openqa.selenium.remote.HandshakeResponse.lambda$getResponseFunction$0(HandshakeResponse.java:30)\r\n\tat org.openqa.selenium.remote.ProtocolHandshake.lambda$createSession$0(ProtocolHandshake.java:126)\r\n\tat java.util.stream.ReferencePipeline$3$1.accept(Unknown Source)\r\n\tat java.util.Spliterators$ArraySpliterator.tryAdvance(Unknown Source)\r\n\tat java.util.stream.ReferencePipeline.forEachWithCancel(Unknown Source)\r\n\tat java.util.stream.AbstractPipeline.copyIntoWithCancel(Unknown Source)\r\n\tat java.util.stream.AbstractPipeline.copyInto(Unknown Source)\r\n\tat java.util.stream.AbstractPipeline.wrapAndCopyInto(Unknown Source)\r\n\tat java.util.stream.FindOps$FindOp.evaluateSequential(Unknown Source)\r\n\tat java.util.stream.AbstractPipeline.evaluate(Unknown Source)\r\n\tat java.util.stream.ReferencePipeline.findFirst(Unknown Source)\r\n\tat org.openqa.selenium.remote.ProtocolHandshake.createSession(ProtocolHandshake.java:128)\r\n\tat org.openqa.selenium.remote.ProtocolHandshake.createSession(ProtocolHandshake.java:74)\r\n\tat org.openqa.selenium.remote.HttpCommandExecutor.execute(HttpCommandExecutor.java:136)\r\n\tat org.openqa.selenium.remote.service.DriverCommandExecutor.execute(DriverCommandExecutor.java:83)\r\n\tat org.openqa.selenium.remote.RemoteWebDriver.execute(RemoteWebDriver.java:552)\r\n\tat org.openqa.selenium.remote.RemoteWebDriver.startSession(RemoteWebDriver.java:213)\r\n\tat org.openqa.selenium.remote.RemoteWebDriver.<init>(RemoteWebDriver.java:131)\r\n\tat org.openqa.selenium.chrome.ChromeDriver.<init>(ChromeDriver.java:181)\r\n\tat org.openqa.selenium.chrome.ChromeDriver.<init>(ChromeDriver.java:168)\r\n\tat org.openqa.selenium.chrome.ChromeDriver.<init>(ChromeDriver.java:157)\r\n\tat org.getopentest.selenium.core.SeleniumHelper.createDriver(SeleniumHelper.java:91)\r\n\tat org.getopentest.selenium.core.SeleniumHelper.getDriver(SeleniumHelper.java:237)\r\n\tat org.getopentest.selenium.core.SeleniumTestAction.initialize(SeleniumTestAction.java:203)\r\n\tat org.getopentest.base.TestActor.executeAction(TestActor.java:1553)\r\n\tat org.getopentest.base.TestActor.executeActionByClassName(TestActor.java:1647)\r\n\t... 5 more\r\n"}],"currentIteration":1,"currentSegmentIndex":0,"isDataDriven":false,"name":"Find the React repo on GitHub's website","path":"web","result":"failed","status":"completed","segments":[{"index":0,"result":"passed","status":"completed","timeStarted":1677485878140,"timeCompleted":1677485878171},{"index":1,"result":"failed","status":"completed","timeStarted":1677485878203,"timeCompleted":1677485879647}],"tags":[],"timeStarted":1677485878140,"timeCompleted":1677485879647}],"timeCreated":1677485873798,"timeStarted":1677485878140,"timeCompleted":1677485879647,"lastActivity":1677485879646,"_id":"diEfiJ99nzJQwz2Q","actorTags":[],"environment":"","currentDataRecordIndex":-1}
{"id":1677640097,"actors":{"35853":{"id":35853,"lastSeenTime":1677640093959,"testSessionId":1677640097,"type":"ACTOR1","tags":[],"_id":"IxC4BzWjyixx9VnQ","ip":"::ffff:127.0.0.1","tests":[{"currentSegmentIndex":0,"segments":[{"index":0,"status":"completed","timeStarted":1677640099739,"timeCompleted":1677640099756,"result":"failed"}],"name":"Request and Validate OTP","path":"api","timeCompleted":null,"timeStarted":1677640099739}]}},"maxIterations":"1","currentIteration":1,"currentTestIndex":1,"currentSegmentIndex":0,"label":"Session 1677640097","result":"failed","status":"completed","tests":[{"actions":[],"currentIteration":1,"currentSegmentIndex":0,"isDataDriven":false,"name":"Request and Validate OTP","path":"api","result":"failed","status":"completed","segments":[{"index":0,"result":"failed","status":"completed","timeStarted":1677640099739,"timeCompleted":1677640099756},{"index":1,"result":"pending","status":"pending"}],"tags":[],"timeStarted":1677640099739,"timeCompleted":1677640099756}],"timeCreated":1677640097237,"timeStarted":1677640099739,"timeCompleted":1677640099756,"lastActivity":1677640099753,"_id":"kM6jH1Lgowv3euVU","actorTags":[],"environment":"","currentDataRecordIndex":-1}
{"id":1677640209,"actors":{"35853":{"id":35853,"lastSeenTime":1677640204382,"testSessionId":1677640209,"type":"ACTOR1","tags":[],"_id":"IxC4BzWjyixx9VnQ","ip":"::ffff:127.0.0.1","tests":[{"currentSegmentIndex":1,"segments":[{"index":0,"status":"completed","timeStarted":1677640209880,"timeCompleted":1677640209912,"result":"passed"},{"index":1,"status":"completed","timeStarted":1677640209940,"timeCompleted":1677640210146,"result":"passed"}],"name":"Request and Validate OTP","path":"api","timeCompleted":null,"timeStarted":1677640209880}]}},"maxIterations":"1","currentIteration":1,"currentTestIndex":1,"currentSegmentIndex":0,"label":"Session 1677640209","result":"passed","status":"completed","tests":[{"actions":[{"action":"org.getopentest.actions.HttpRequest","actorType":"ACTOR1","args":{"verb":"POST","headers":{"Content-Type":"application/json"},"body":{"client_id":"groot","client_secret_key":"F7Z3XOoYcVcW1Rw3fKPvFzVVE86SRqE8","user_id":"harisfajartiga@gmail.com"},"url":"https://api-sqeid.dev.squantumengine.com/v1/cosmos/otp/request","validate":[{"assert":{"that":"response.statusCode","isEqualTo":200}},{"script":"var otpCode = JSON.parse(response.body).otp;\ntest.setVariable(\"otpCode\", otpCode);\n"}]},"isCheckpoint":false,"description":"Request an OTP code","durationMs":183,"macroStack":[],"result":"passed","segment":1}],"currentIteration":1,"currentSegmentIndex":0,"isDataDriven":false,"name":"Request and Validate OTP","path":"api","result":"passed","status":"completed","segments":[{"index":0,"result":"passed","status":"completed","timeStarted":1677640209880,"timeCompleted":1677640209913},{"index":1,"result":"passed","status":"completed","timeStarted":1677640209940,"timeCompleted":1677640210146}],"tags":[],"timeStarted":1677640209880,"timeCompleted":1677640210146}],"timeCreated":1677640208533,"timeStarted":1677640209880,"timeCompleted":1677640210146,"lastActivity":1677640210143,"_id":"l8q6Pi5pYxDPR6sy","actorTags":[],"environment":"","currentDataRecordIndex":-1}
{"id":1677640743,"actors":{"35853":{"id":35853,"lastSeenTime":1677640741386,"testSessionId":1677640743,"type":"ACTOR1","tags":[],"_id":"IxC4BzWjyixx9VnQ","ip":"::ffff:127.0.0.1","tests":[{"currentSegmentIndex":1,"segments":[{"index":0,"status":"completed","timeStarted":1677640746873,"timeCompleted":1677640746904,"result":"passed"},{"index":1,"status":"completed","timeStarted":1677640746931,"timeCompleted":1677640747218,"result":"passed"}],"name":"Request and Validate OTP","path":"api","timeCompleted":null,"timeStarted":1677640746873}]}},"maxIterations":"1","currentIteration":1,"currentTestIndex":1,"currentSegmentIndex":0,"label":"Session 1677640743","result":"passed","status":"completed","tests":[{"actions":[{"action":"org.getopentest.actions.HttpRequest","actorType":"ACTOR1","args":{"verb":"POST","headers":{"Content-Type":"application/json"},"body":{"client_id":"groot","client_secret_key":"F7Z3XOoYcVcW1Rw3fKPvFzVVE86SRqE8","user_id":"harisfajartiga@gmail.com"},"url":"https://api-sqeid.dev.squantumengine.com/v1/cosmos/otp/request","validate":[{"assert":{"that":"response.statusCode","isEqualTo":200}}]},"isCheckpoint":false,"description":"Request an OTP code","durationMs":263,"macroStack":[],"result":"passed","segment":1}],"currentIteration":1,"currentSegmentIndex":0,"isDataDriven":false,"name":"Request and Validate OTP","path":"api","result":"passed","status":"completed","segments":[{"index":0,"result":"passed","status":"completed","timeStarted":1677640746873,"timeCompleted":1677640746904},{"index":1,"result":"passed","status":"completed","timeStarted":1677640746931,"timeCompleted":1677640747218}],"tags":[],"timeStarted":1677640746873,"timeCompleted":1677640747218}],"timeCreated":1677640743003,"timeStarted":1677640746873,"timeCompleted":1677640747219,"lastActivity":1677640747217,"_id":"rugBCIgiE346hbxJ","actorTags":[],"environment":"","currentDataRecordIndex":-1}
{"id":1677485833,"actors":{"5944":{"id":5944,"lastSeenTime":1677485831979,"testSessionId":1677485833,"type":"ACTOR1","tags":[],"_id":"avidZXY9zlmKNYAj","ip":"::ffff:127.0.0.1","tests":[{"currentSegmentIndex":1,"segments":[{"index":0,"status":"completed","timeStarted":1677485843103,"timeCompleted":1677485843153,"result":"passed"},{"index":1,"status":"completed","timeStarted":1677485843183,"timeCompleted":1677485844724,"result":"failed"}],"name":"Verify GitHub repos have non-empty wiki","path":"web","timeCompleted":null,"timeStarted":null}]}},"maxIterations":"1","currentIteration":1,"currentTestIndex":1,"currentSegmentIndex":0,"label":"Session 1677485833","result":"failed","status":"completed","tests":[{"actions":[{"action":"org.getopentest.selenium.NavigateTo","actorType":"ACTOR1","args":{"url":"https://github.com/tesseract-ocr/tesseract/wiki"},"isCheckpoint":false,"description":"Navigate to the wiki page","durationMs":1426,"macroStack":["github.AssertRepoHasNonEmptyWiki"],"result":"failed","segment":1,"stackTrace":"java.lang.RuntimeException: org.openqa.selenium.SessionNotCreatedException: session not created: This version of ChromeDriver only supports Chrome version 108\nCurrent browser version is 110.0.5481.177 with binary path C:\\Program Files\\Google\\Chrome\\Application\\chrome.exe\nBuild info: version: '3.141.59', revision: 'e82be7d358', time: '2018-11-14T08:17:03'\nSystem info: host: 'LAPTOP-O8GIVPNU', ip: '192.168.0.111', os.name: 'Windows 11', os.arch: 'amd64', os.version: '10.0', java.version: '1.8.0_341'\nDriver info: driver.version: ChromeDriver\nremote stacktrace: Backtrace:\n\t(No symbol) [0x00B8F243]\n\t(No symbol) [0x00B17FD1]\n\t(No symbol) [0x00A0D04D]\n\t(No symbol) [0x00A2F6B4]\n\t(No symbol) [0x00A2A97C]\n\t(No symbol) [0x00A282E9]\n\t(No symbol) [0x00A5F056]\n\t(No symbol) [0x00A5EB2A]\n\t(No symbol) [0x00A58386]\n\t(No symbol) [0x00A3163C]\n\t(No symbol) [0x00A3269D]\n\tGetHandleVerifier [0x00E29A22+2655074]\n\tGetHandleVerifier [0x00E1CA24+2601828]\n\tGetHandleVerifier [0x00C38C0A+619850]\n\tGetHandleVerifier [0x00C37830+614768]\n\t(No symbol) [0x00B205FC]\n\t(No symbol) [0x00B25968]\n\t(No symbol) [0x00B25A55]\n\t(No symbol) [0x00B3051B]\n\tBaseThreadInitThunk [0x75747D69+25]\n\tRtlInitializeExceptionChain [0x7728BB9B+107]\n\tRtlClearBits [0x7728BB1F+191]\n\r\n\tat org.getopentest.base.TestActor.executeActionByClassName(TestActor.java:1670)\r\n\tat org.getopentest.base.TestActor.executeActionByDef(TestActor.java:1749)\r\n\tat org.getopentest.base.TestActor.executeMacroActionByDef(TestActor.java:1938)\r\n\tat org.getopentest.base.TestActor.executeMacroActionByName(TestActor.java:2013)\r\n\tat org.getopentest.base.TestActor.executeActionByDef(TestActor.java:1745)\r\n\tat org.getopentest.base.TestActor.executeTestSegment(TestActor.java:2092)\r\n\tat org.getopentest.base.TestActor.runOneSession(TestActor.java:3077)\r\n\tat org.getopentest.base.TestActor.runOneSession(TestActor.java:3113)\r\n\tat org.getopentest.Main.main(Main.java:20)\r\nCaused by: org.openqa.selenium.SessionNotCreatedException: session not created: This version of ChromeDriver only supports Chrome version 108\nCurrent browser version is 110.0.5481.177 with binary path C:\\Program Files\\Google\\Chrome\\Application\\chrome.exe\nBuild info: version: '3.141.59', revision: 'e82be7d358', time: '2018-11-14T08:17:03'\nSystem info: host: 'LAPTOP-O8GIVPNU', ip: '192.168.0.111', os.name: 'Windows 11', os.arch: 'amd64', os.version: '10.0', java.version: '1.8.0_341'\nDriver info: driver.version: ChromeDriver\nremote stacktrace: Backtrace:\n\t(No symbol) [0x00B8F243]\n\t(No symbol) [0x00B17FD1]\n\t(No symbol) [0x00A0D04D]\n\t(No symbol) [0x00A2F6B4]\n\t(No symbol) [0x00A2A97C]\n\t(No symbol) [0x00A282E9]\n\t(No symbol) [0x00A5F056]\n\t(No symbol) [0x00A5EB2A]\n\t(No symbol) [0x00A58386]\n\t(No symbol) [0x00A3163C]\n\t(No symbol) [0x00A3269D]\n\tGetHandleVerifier [0x00E29A22+2655074]\n\tGetHandleVerifier [0x00E1CA24+2601828]\n\tGetHandleVerifier [0x00C38C0A+619850]\n\tGetHandleVerifier [0x00C37830+614768]\n\t(No symbol) [0x00B205FC]\n\t(No symbol) [0x00B25968]\n\t(No symbol) [0x00B25A55]\n\t(No symbol) [0x00B3051B]\n\tBaseThreadInitThunk [0x75747D69+25]\n\tRtlInitializeExceptionChain [0x7728BB9B+107]\n\tRtlClearBits [0x7728BB1F+191]\n\r\n\tat sun.reflect.NativeConstructorAccessorImpl.newInstance0(Native Method)\r\n\tat sun.reflect.NativeConstructorAccessorImpl.newInstance(Unknown Source)\r\n\tat sun.reflect.DelegatingConstructorAccessorImpl.newInstance(Unknown Source)\r\n\tat java.lang.reflect.Constructor.newInstance(Unknown Source)\r\n\tat org.openqa.selenium.remote.W3CHandshakeResponse.lambda$errorHandler$0(W3CHandshakeResponse.java:62)\r\n\tat org.openqa.selenium.remote.HandshakeResponse.lambda$getResponseFunction$0(HandshakeResponse.java:30)\r\n\tat org.openqa.selenium.remote.ProtocolHandshake.lambda$createSession$0(ProtocolHandshake.java:126)\r\n\tat java.util.stream.ReferencePipeline$3$1.accept(Unknown Source)\r\n\tat java.util.Spliterators$ArraySpliterator.tryAdvance(Unknown Source)\r\n\tat java.util.stream.ReferencePipeline.forEachWithCancel(Unknown Source)\r\n\tat java.util.stream.AbstractPipeline.copyIntoWithCancel(Unknown Source)\r\n\tat java.util.stream.AbstractPipeline.copyInto(Unknown Source)\r\n\tat java.util.stream.AbstractPipeline.wrapAndCopyInto(Unknown Source)\r\n\tat java.util.stream.FindOps$FindOp.evaluateSequential(Unknown Source)\r\n\tat java.util.stream.AbstractPipeline.evaluate(Unknown Source)\r\n\tat java.util.stream.ReferencePipeline.findFirst(Unknown Source)\r\n\tat org.openqa.selenium.remote.ProtocolHandshake.createSession(ProtocolHandshake.java:128)\r\n\tat org.openqa.selenium.remote.ProtocolHandshake.createSession(ProtocolHandshake.java:74)\r\n\tat org.openqa.selenium.remote.HttpCommandExecutor.execute(HttpCommandExecutor.java:136)\r\n\tat org.openqa.selenium.remote.service.DriverCommandExecutor.execute(DriverCommandExecutor.java:83)\r\n\tat org.openqa.selenium.remote.RemoteWebDriver.execute(RemoteWebDriver.java:552)\r\n\tat org.openqa.selenium.remote.RemoteWebDriver.startSession(RemoteWebDriver.java:213)\r\n\tat org.openqa.selenium.remote.RemoteWebDriver.<init>(RemoteWebDriver.java:131)\r\n\tat org.openqa.selenium.chrome.ChromeDriver.<init>(ChromeDriver.java:181)\r\n\tat org.openqa.selenium.chrome.ChromeDriver.<init>(ChromeDriver.java:168)\r\n\tat org.openqa.selenium.chrome.ChromeDriver.<init>(ChromeDriver.java:157)\r\n\tat org.getopentest.selenium.core.SeleniumHelper.createDriver(SeleniumHelper.java:91)\r\n\tat org.getopentest.selenium.core.SeleniumHelper.getDriver(SeleniumHelper.java:237)\r\n\tat org.getopentest.selenium.core.SeleniumTestAction.initialize(SeleniumTestAction.java:203)\r\n\tat org.getopentest.base.TestActor.executeAction(TestActor.java:1553)\r\n\tat org.getopentest.base.TestActor.executeActionByClassName(TestActor.java:1647)\r\n\t... 8 more\r\n"},{"action":"org.getopentest.base.MacroAction","actorType":"ACTOR1","args":{"repo":"tesseract-ocr/tesseract"},"isCheckpoint":false,"description":"github.AssertRepoHasNonEmptyWiki","durationMs":1504,"macro":"github.AssertRepoHasNonEmptyWiki","macroStack":[],"result":"failed","segment":1,"stackTrace":"java.lang.Exception: There was an error executing macro action github.AssertRepoHasNonEmptyWiki with arguments {\"repo\":\"tesseract-ocr/tesseract\"}\r\n\tat org.getopentest.base.TestActor.executeMacroActionByName(TestActor.java:2021)\r\n\tat org.getopentest.base.TestActor.executeActionByDef(TestActor.java:1745)\r\n\tat org.getopentest.base.TestActor.executeTestSegment(TestActor.java:2092)\r\n\tat org.getopentest.base.TestActor.runOneSession(TestActor.java:3077)\r\n\tat org.getopentest.base.TestActor.runOneSession(TestActor.java:3113)\r\n\tat org.getopentest.Main.main(Main.java:20)\r\nCaused by: java.lang.RuntimeException: There was an error while executing action no. 1 (org.getopentest.selenium.NavigateTo) in macro github/AssertRepoHasNonEmptyWiki.\nThe action definition was:\n{\n  \"action\": \"org.getopentest.selenium.NavigateTo\",\n  \"args\": {\n    \"url\": \"https://github.com/tesseract-ocr/tesseract/wiki\"\n  },\n  \"description\": \"Navigate to the wiki page\"\n}\r\n\tat org.getopentest.base.TestActor.executeMacroActionByDef(TestActor.java:1973)\r\n\tat org.getopentest.base.TestActor.executeMacroActionByName(TestActor.java:2013)\r\n\t... 5 more\r\nCaused by: java.lang.RuntimeException: Failed executing action org.getopentest.selenium.NavigateTo with arguments {\"url\":\"https://github.com/tesseract-ocr/tesseract/wiki\"}\r\n\tat org.getopentest.base.TestActor.executeActionByDef(TestActor.java:1872)\r\n\tat org.getopentest.base.TestActor.executeMacroActionByDef(TestActor.java:1938)\r\n\t... 6 more\r\nCaused by: java.lang.RuntimeException: org.openqa.selenium.SessionNotCreatedException: session not created: This version of ChromeDriver only supports Chrome version 108\nCurrent browser version is 110.0.5481.177 with binary path C:\\Program Files\\Google\\Chrome\\Application\\chrome.exe\nBuild info: version: '3.141.59', revision: 'e82be7d358', time: '2018-11-14T08:17:03'\nSystem info: host: 'LAPTOP-O8GIVPNU', ip: '192.168.0.111', os.name: 'Windows 11', os.arch: 'amd64', os.version: '10.0', java.version: '1.8.0_341'\nDriver info: driver.version: ChromeDriver\nremote stacktrace: Backtrace:\n\t(No symbol) [0x00B8F243]\n\t(No symbol) [0x00B17FD1]\n\t(No symbol) [0x00A0D04D]\n\t(No symbol) [0x00A2F6B4]\n\t(No symbol) [0x00A2A97C]\n\t(No symbol) [0x00A282E9]\n\t(No symbol) [0x00A5F056]\n\t(No symbol) [0x00A5EB2A]\n\t(No symbol) [0x00A58386]\n\t(No symbol) [0x00A3163C]\n\t(No symbol) [0x00A3269D]\n\tGetHandleVerifier [0x00E29A22+2655074]\n\tGetHandleVerifier [0x00E1CA24+2601828]\n\tGetHandleVerifier [0x00C38C0A+619850]\n\tGetHandleVerifier [0x00C37830+614768]\n\t(No symbol) [0x00B205FC]\n\t(No symbol) [0x00B25968]\n\t(No symbol) [0x00B25A55]\n\t(No symbol) [0x00B3051B]\n\tBaseThreadInitThunk [0x75747D69+25]\n\tRtlInitializeExceptionChain [0x7728BB9B+107]\n\tRtlClearBits [0x7728BB1F+191]\n\r\n\tat org.getopentest.base.TestActor.executeActionByClassName(TestActor.java:1670)\r\n\tat org.getopentest.base.TestActor.executeActionByDef(TestActor.java:1749)\r\n\t... 7 more\r\nCaused by: org.openqa.selenium.SessionNotCreatedException: session not created: This version of ChromeDriver only supports Chrome version 108\nCurrent browser version is 110.0.5481.177 with binary path C:\\Program Files\\Google\\Chrome\\Application\\chrome.exe\nBuild info: version: '3.141.59', revision: 'e82be7d358', time: '2018-11-14T08:17:03'\nSystem info: host: 'LAPTOP-O8GIVPNU', ip: '192.168.0.111', os.name: 'Windows 11', os.arch: 'amd64', os.version: '10.0', java.version: '1.8.0_341'\nDriver info: driver.version: ChromeDriver\nremote stacktrace: Backtrace:\n\t(No symbol) [0x00B8F243]\n\t(No symbol) [0x00B17FD1]\n\t(No symbol) [0x00A0D04D]\n\t(No symbol) [0x00A2F6B4]\n\t(No symbol) [0x00A2A97C]\n\t(No symbol) [0x00A282E9]\n\t(No symbol) [0x00A5F056]\n\t(No symbol) [0x00A5EB2A]\n\t(No symbol) [0x00A58386]\n\t(No symbol) [0x00A3163C]\n\t(No symbol) [0x00A3269D]\n\tGetHandleVerifier [0x00E29A22+2655074]\n\tGetHandleVerifier [0x00E1CA24+2601828]\n\tGetHandleVerifier [0x00C38C0A+619850]\n\tGetHandleVerifier [0x00C37830+614768]\n\t(No symbol) [0x00B205FC]\n\t(No symbol) [0x00B25968]\n\t(No symbol) [0x00B25A55]\n\t(No symbol) [0x00B3051B]\n\tBaseThreadInitThunk [0x75747D69+25]\n\tRtlInitializeExceptionChain [0x7728BB9B+107]\n\tRtlClearBits [0x7728BB1F+191]\n\r\n\tat sun.reflect.NativeConstructorAccessorImpl.newInstance0(Native Method)\r\n\tat sun.reflect.NativeConstructorAccessorImpl.newInstance(Unknown Source)\r\n\tat sun.reflect.DelegatingConstructorAccessorImpl.newInstance(Unknown Source)\r\n\tat java.lang.reflect.Constructor.newInstance(Unknown Source)\r\n\tat org.openqa.selenium.remote.W3CHandshakeResponse.lambda$errorHandler$0(W3CHandshakeResponse.java:62)\r\n\tat org.openqa.selenium.remote.HandshakeResponse.lambda$getResponseFunction$0(HandshakeResponse.java:30)\r\n\tat org.openqa.selenium.remote.ProtocolHandshake.lambda$createSession$0(ProtocolHandshake.java:126)\r\n\tat java.util.stream.ReferencePipeline$3$1.accept(Unknown Source)\r\n\tat java.util.Spliterators$ArraySpliterator.tryAdvance(Unknown Source)\r\n\tat java.util.stream.ReferencePipeline.forEachWithCancel(Unknown Source)\r\n\tat java.util.stream.AbstractPipeline.copyIntoWithCancel(Unknown Source)\r\n\tat java.util.stream.AbstractPipeline.copyInto(Unknown Source)\r\n\tat java.util.stream.AbstractPipeline.wrapAndCopyInto(Unknown Source)\r\n\tat java.util.stream.FindOps$FindOp.evaluateSequential(Unknown Source)\r\n\tat java.util.stream.AbstractPipeline.evaluate(Unknown Source)\r\n\tat java.util.stream.ReferencePipeline.findFirst(Unknown Source)\r\n\tat org.openqa.selenium.remote.ProtocolHandshake.createSession(ProtocolHandshake.java:128)\r\n\tat org.openqa.selenium.remote.ProtocolHandshake.createSession(ProtocolHandshake.java:74)\r\n\tat org.openqa.selenium.remote.HttpCommandExecutor.execute(HttpCommandExecutor.java:136)\r\n\tat org.openqa.selenium.remote.service.DriverCommandExecutor.execute(DriverCommandExecutor.java:83)\r\n\tat org.openqa.selenium.remote.RemoteWebDriver.execute(RemoteWebDriver.java:552)\r\n\tat org.openqa.selenium.remote.RemoteWebDriver.startSession(RemoteWebDriver.java:213)\r\n\tat org.openqa.selenium.remote.RemoteWebDriver.<init>(RemoteWebDriver.java:131)\r\n\tat org.openqa.selenium.chrome.ChromeDriver.<init>(ChromeDriver.java:181)\r\n\tat org.openqa.selenium.chrome.ChromeDriver.<init>(ChromeDriver.java:168)\r\n\tat org.openqa.selenium.chrome.ChromeDriver.<init>(ChromeDriver.java:157)\r\n\tat org.getopentest.selenium.core.SeleniumHelper.createDriver(SeleniumHelper.java:91)\r\n\tat org.getopentest.selenium.core.SeleniumHelper.getDriver(SeleniumHelper.java:237)\r\n\tat org.getopentest.selenium.core.SeleniumTestAction.initialize(SeleniumTestAction.java:203)\r\n\tat org.getopentest.base.TestActor.executeAction(TestActor.java:1553)\r\n\tat org.getopentest.base.TestActor.executeActionByClassName(TestActor.java:1647)\r\n\t... 8 more\r\n"}],"currentIteration":1,"currentSegmentIndex":1,"isDataDriven":true,"name":"Verify GitHub repos have non-empty wiki","path":"web","result":"failed","status":"completed","segments":[{"index":0,"result":"passed","status":"completed","timeStarted":1677485838075,"timeCompleted":1677485843153},{"index":1,"result":"failed","status":"completed","timeStarted":1677485838149,"timeCompleted":1677485844724}],"tags":[],"currentDataRecordIndex":1,"timeStarted":1677485843103,"dataRecordCount":2,"subtests":[{"actions":[{"action":"org.getopentest.selenium.NavigateTo","actorType":"ACTOR1","args":{"url":"https://github.com/facebook/react/wiki"},"isCheckpoint":false,"description":"Navigate to the wiki page","durationMs":2628,"macroStack":["github.AssertRepoHasNonEmptyWiki"],"result":"failed","segment":1,"stackTrace":"java.lang.RuntimeException: org.openqa.selenium.SessionNotCreatedException: session not created: This version of ChromeDriver only supports Chrome version 108\nCurrent browser version is 110.0.5481.177 with binary path C:\\Program Files\\Google\\Chrome\\Application\\chrome.exe\nBuild info: version: '3.141.59', revision: 'e82be7d358', time: '2018-11-14T08:17:03'\nSystem info: host: 'LAPTOP-O8GIVPNU', ip: '192.168.0.111', os.name: 'Windows 11', os.arch: 'amd64', os.version: '10.0', java.version: '1.8.0_341'\nDriver info: driver.version: ChromeDriver\nremote stacktrace: Backtrace:\n\t(No symbol) [0x00B8F243]\n\t(No symbol) [0x00B17FD1]\n\t(No symbol) [0x00A0D04D]\n\t(No symbol) [0x00A2F6B4]\n\t(No symbol) [0x00A2A97C]\n\t(No symbol) [0x00A282E9]\n\t(No symbol) [0x00A5F056]\n\t(No symbol) [0x00A5EB2A]\n\t(No symbol) [0x00A58386]\n\t(No symbol) [0x00A3163C]\n\t(No symbol) [0x00A3269D]\n\tGetHandleVerifier [0x00E29A22+2655074]\n\tGetHandleVerifier [0x00E1CA24+2601828]\n\tGetHandleVerifier [0x00C38C0A+619850]\n\tGetHandleVerifier [0x00C37830+614768]\n\t(No symbol) [0x00B205FC]\n\t(No symbol) [0x00B25968]\n\t(No symbol) [0x00B25A55]\n\t(No symbol) [0x00B3051B]\n\tBaseThreadInitThunk [0x75747D69+25]\n\tRtlInitializeExceptionChain [0x7728BB9B+107]\n\tRtlClearBits [0x7728BB1F+191]\n\r\n\tat org.getopentest.base.TestActor.executeActionByClassName(TestActor.java:1670)\r\n\tat org.getopentest.base.TestActor.executeActionByDef(TestActor.java:1749)\r\n\tat org.getopentest.base.TestActor.executeMacroActionByDef(TestActor.java:1938)\r\n\tat org.getopentest.base.TestActor.executeMacroActionByName(TestActor.java:2013)\r\n\tat org.getopentest.base.TestActor.executeActionByDef(TestActor.java:1745)\r\n\tat org.getopentest.base.TestActor.executeTestSegment(TestActor.java:2092)\r\n\tat org.getopentest.base.TestActor.runOneSession(TestActor.java:3077)\r\n\tat org.getopentest.base.TestActor.runOneSession(TestActor.java:3113)\r\n\tat org.getopentest.Main.main(Main.java:20)\r\nCaused by: org.openqa.selenium.SessionNotCreatedException: session not created: This version of ChromeDriver only supports Chrome version 108\nCurrent browser version is 110.0.5481.177 with binary path C:\\Program Files\\Google\\Chrome\\Application\\chrome.exe\nBuild info: version: '3.141.59', revision: 'e82be7d358', time: '2018-11-14T08:17:03'\nSystem info: host: 'LAPTOP-O8GIVPNU', ip: '192.168.0.111', os.name: 'Windows 11', os.arch: 'amd64', os.version: '10.0', java.version: '1.8.0_341'\nDriver info: driver.version: ChromeDriver\nremote stacktrace: Backtrace:\n\t(No symbol) [0x00B8F243]\n\t(No symbol) [0x00B17FD1]\n\t(No symbol) [0x00A0D04D]\n\t(No symbol) [0x00A2F6B4]\n\t(No symbol) [0x00A2A97C]\n\t(No symbol) [0x00A282E9]\n\t(No symbol) [0x00A5F056]\n\t(No symbol) [0x00A5EB2A]\n\t(No symbol) [0x00A58386]\n\t(No symbol) [0x00A3163C]\n\t(No symbol) [0x00A3269D]\n\tGetHandleVerifier [0x00E29A22+2655074]\n\tGetHandleVerifier [0x00E1CA24+2601828]\n\tGetHandleVerifier [0x00C38C0A+619850]\n\tGetHandleVerifier [0x00C37830+614768]\n\t(No symbol) [0x00B205FC]\n\t(No symbol) [0x00B25968]\n\t(No symbol) [0x00B25A55]\n\t(No symbol) [0x00B3051B]\n\tBaseThreadInitThunk [0x75747D69+25]\n\tRtlInitializeExceptionChain [0x7728BB9B+107]\n\tRtlClearBits [0x7728BB1F+191]\n\r\n\tat sun.reflect.NativeConstructorAccessorImpl.newInstance0(Native Method)\r\n\tat sun.reflect.NativeConstructorAccessorImpl.newInstance(Unknown Source)\r\n\tat sun.reflect.DelegatingConstructorAccessorImpl.newInstance(Unknown Source)\r\n\tat java.lang.reflect.Constructor.newInstance(Unknown Source)\r\n\tat org.openqa.selenium.remote.W3CHandshakeResponse.lambda$errorHandler$0(W3CHandshakeResponse.java:62)\r\n\tat org.openqa.selenium.remote.HandshakeResponse.lambda$getResponseFunction$0(HandshakeResponse.java:30)\r\n\tat org.openqa.selenium.remote.ProtocolHandshake.lambda$createSession$0(ProtocolHandshake.java:126)\r\n\tat java.util.stream.ReferencePipeline$3$1.accept(Unknown Source)\r\n\tat java.util.Spliterators$ArraySpliterator.tryAdvance(Unknown Source)\r\n\tat java.util.stream.ReferencePipeline.forEachWithCancel(Unknown Source)\r\n\tat java.util.stream.AbstractPipeline.copyIntoWithCancel(Unknown Source)\r\n\tat java.util.stream.AbstractPipeline.copyInto(Unknown Source)\r\n\tat java.util.stream.AbstractPipeline.wrapAndCopyInto(Unknown Source)\r\n\tat java.util.stream.FindOps$FindOp.evaluateSequential(Unknown Source)\r\n\tat java.util.stream.AbstractPipeline.evaluate(Unknown Source)\r\n\tat java.util.stream.ReferencePipeline.findFirst(Unknown Source)\r\n\tat org.openqa.selenium.remote.ProtocolHandshake.createSession(ProtocolHandshake.java:128)\r\n\tat org.openqa.selenium.remote.ProtocolHandshake.createSession(ProtocolHandshake.java:74)\r\n\tat org.openqa.selenium.remote.HttpCommandExecutor.execute(HttpCommandExecutor.java:136)\r\n\tat org.openqa.selenium.remote.service.DriverCommandExecutor.execute(DriverCommandExecutor.java:83)\r\n\tat org.openqa.selenium.remote.RemoteWebDriver.execute(RemoteWebDriver.java:552)\r\n\tat org.openqa.selenium.remote.RemoteWebDriver.startSession(RemoteWebDriver.java:213)\r\n\tat org.openqa.selenium.remote.RemoteWebDriver.<init>(RemoteWebDriver.java:131)\r\n\tat org.openqa.selenium.chrome.ChromeDriver.<init>(ChromeDriver.java:181)\r\n\tat org.openqa.selenium.chrome.ChromeDriver.<init>(ChromeDriver.java:168)\r\n\tat org.openqa.selenium.chrome.ChromeDriver.<init>(ChromeDriver.java:157)\r\n\tat org.getopentest.selenium.core.SeleniumHelper.createDriver(SeleniumHelper.java:91)\r\n\tat org.getopentest.selenium.core.SeleniumHelper.getDriver(SeleniumHelper.java:237)\r\n\tat org.getopentest.selenium.core.SeleniumTestAction.initialize(SeleniumTestAction.java:203)\r\n\tat org.getopentest.base.TestActor.executeAction(TestActor.java:1553)\r\n\tat org.getopentest.base.TestActor.executeActionByClassName(TestActor.java:1647)\r\n\t... 8 more\r\n"},{"action":"org.getopentest.base.MacroAction","actorType":"ACTOR1","args":{"repo":"facebook/react"},"isCheckpoint":false,"description":"github.AssertRepoHasNonEmptyWiki","durationMs":2740,"macro":"github.AssertRepoHasNonEmptyWiki","macroStack":[],"result":"failed","segment":1,"stackTrace":"java.lang.Exception: There was an error executing macro action github.AssertRepoHasNonEmptyWiki with arguments {\"repo\":\"facebook/react\"}\r\n\tat org.getopentest.base.TestActor.executeMacroActionByName(TestActor.java:2021)\r\n\tat org.getopentest.base.TestActor.executeActionByDef(TestActor.java:1745)\r\n\tat org.getopentest.base.TestActor.executeTestSegment(TestActor.java:2092)\r\n\tat org.getopentest.base.TestActor.runOneSession(TestActor.java:3077)\r\n\tat org.getopentest.base.TestActor.runOneSession(TestActor.java:3113)\r\n\tat org.getopentest.Main.main(Main.java:20)\r\nCaused by: java.lang.RuntimeException: There was an error while executing action no. 1 (org.getopentest.selenium.NavigateTo) in macro github/AssertRepoHasNonEmptyWiki.\nThe action definition was:\n{\n  \"action\": \"org.getopentest.selenium.NavigateTo\",\n  \"args\": {\n    \"url\": \"https://github.com/facebook/react/wiki\"\n  },\n  \"description\": \"Navigate to the wiki page\"\n}\r\n\tat org.getopentest.base.TestActor.executeMacroActionByDef(TestActor.java:1973)\r\n\tat org.getopentest.base.TestActor.executeMacroActionByName(TestActor.java:2013)\r\n\t... 5 more\r\nCaused by: java.lang.RuntimeException: Failed executing action org.getopentest.selenium.NavigateTo with arguments {\"url\":\"https://github.com/facebook/react/wiki\"}\r\n\tat org.getopentest.base.TestActor.executeActionByDef(TestActor.java:1872)\r\n\tat org.getopentest.base.TestActor.executeMacroActionByDef(TestActor.java:1938)\r\n\t... 6 more\r\nCaused by: java.lang.RuntimeException: org.openqa.selenium.SessionNotCreatedException: session not created: This version of ChromeDriver only supports Chrome version 108\nCurrent browser version is 110.0.5481.177 with binary path C:\\Program Files\\Google\\Chrome\\Application\\chrome.exe\nBuild info: version: '3.141.59', revision: 'e82be7d358', time: '2018-11-14T08:17:03'\nSystem info: host: 'LAPTOP-O8GIVPNU', ip: '192.168.0.111', os.name: 'Windows 11', os.arch: 'amd64', os.version: '10.0', java.version: '1.8.0_341'\nDriver info: driver.version: ChromeDriver\nremote stacktrace: Backtrace:\n\t(No symbol) [0x00B8F243]\n\t(No symbol) [0x00B17FD1]\n\t(No symbol) [0x00A0D04D]\n\t(No symbol) [0x00A2F6B4]\n\t(No symbol) [0x00A2A97C]\n\t(No symbol) [0x00A282E9]\n\t(No symbol) [0x00A5F056]\n\t(No symbol) [0x00A5EB2A]\n\t(No symbol) [0x00A58386]\n\t(No symbol) [0x00A3163C]\n\t(No symbol) [0x00A3269D]\n\tGetHandleVerifier [0x00E29A22+2655074]\n\tGetHandleVerifier [0x00E1CA24+2601828]\n\tGetHandleVerifier [0x00C38C0A+619850]\n\tGetHandleVerifier [0x00C37830+614768]\n\t(No symbol) [0x00B205FC]\n\t(No symbol) [0x00B25968]\n\t(No symbol) [0x00B25A55]\n\t(No symbol) [0x00B3051B]\n\tBaseThreadInitThunk [0x75747D69+25]\n\tRtlInitializeExceptionChain [0x7728BB9B+107]\n\tRtlClearBits [0x7728BB1F+191]\n\r\n\tat org.getopentest.base.TestActor.executeActionByClassName(TestActor.java:1670)\r\n\tat org.getopentest.base.TestActor.executeActionByDef(TestActor.java:1749)\r\n\t... 7 more\r\nCaused by: org.openqa.selenium.SessionNotCreatedException: session not created: This version of ChromeDriver only supports Chrome version 108\nCurrent browser version is 110.0.5481.177 with binary path C:\\Program Files\\Google\\Chrome\\Application\\chrome.exe\nBuild info: version: '3.141.59', revision: 'e82be7d358', time: '2018-11-14T08:17:03'\nSystem info: host: 'LAPTOP-O8GIVPNU', ip: '192.168.0.111', os.name: 'Windows 11', os.arch: 'amd64', os.version: '10.0', java.version: '1.8.0_341'\nDriver info: driver.version: ChromeDriver\nremote stacktrace: Backtrace:\n\t(No symbol) [0x00B8F243]\n\t(No symbol) [0x00B17FD1]\n\t(No symbol) [0x00A0D04D]\n\t(No symbol) [0x00A2F6B4]\n\t(No symbol) [0x00A2A97C]\n\t(No symbol) [0x00A282E9]\n\t(No symbol) [0x00A5F056]\n\t(No symbol) [0x00A5EB2A]\n\t(No symbol) [0x00A58386]\n\t(No symbol) [0x00A3163C]\n\t(No symbol) [0x00A3269D]\n\tGetHandleVerifier [0x00E29A22+2655074]\n\tGetHandleVerifier [0x00E1CA24+2601828]\n\tGetHandleVerifier [0x00C38C0A+619850]\n\tGetHandleVerifier [0x00C37830+614768]\n\t(No symbol) [0x00B205FC]\n\t(No symbol) [0x00B25968]\n\t(No symbol) [0x00B25A55]\n\t(No symbol) [0x00B3051B]\n\tBaseThreadInitThunk [0x75747D69+25]\n\tRtlInitializeExceptionChain [0x7728BB9B+107]\n\tRtlClearBits [0x7728BB1F+191]\n\r\n\tat sun.reflect.NativeConstructorAccessorImpl.newInstance0(Native Method)\r\n\tat sun.reflect.NativeConstructorAccessorImpl.newInstance(Unknown Source)\r\n\tat sun.reflect.DelegatingConstructorAccessorImpl.newInstance(Unknown Source)\r\n\tat java.lang.reflect.Constructor.newInstance(Unknown Source)\r\n\tat org.openqa.selenium.remote.W3CHandshakeResponse.lambda$errorHandler$0(W3CHandshakeResponse.java:62)\r\n\tat org.openqa.selenium.remote.HandshakeResponse.lambda$getResponseFunction$0(HandshakeResponse.java:30)\r\n\tat org.openqa.selenium.remote.ProtocolHandshake.lambda$createSession$0(ProtocolHandshake.java:126)\r\n\tat java.util.stream.ReferencePipeline$3$1.accept(Unknown Source)\r\n\tat java.util.Spliterators$ArraySpliterator.tryAdvance(Unknown Source)\r\n\tat java.util.stream.ReferencePipeline.forEachWithCancel(Unknown Source)\r\n\tat java.util.stream.AbstractPipeline.copyIntoWithCancel(Unknown Source)\r\n\tat java.util.stream.AbstractPipeline.copyInto(Unknown Source)\r\n\tat java.util.stream.AbstractPipeline.wrapAndCopyInto(Unknown Source)\r\n\tat java.util.stream.FindOps$FindOp.evaluateSequential(Unknown Source)\r\n\tat java.util.stream.AbstractPipeline.evaluate(Unknown Source)\r\n\tat java.util.stream.ReferencePipeline.findFirst(Unknown Source)\r\n\tat org.openqa.selenium.remote.ProtocolHandshake.createSession(ProtocolHandshake.java:128)\r\n\tat org.openqa.selenium.remote.ProtocolHandshake.createSession(ProtocolHandshake.java:74)\r\n\tat org.openqa.selenium.remote.HttpCommandExecutor.execute(HttpCommandExecutor.java:136)\r\n\tat org.openqa.selenium.remote.service.DriverCommandExecutor.execute(DriverCommandExecutor.java:83)\r\n\tat org.openqa.selenium.remote.RemoteWebDriver.execute(RemoteWebDriver.java:552)\r\n\tat org.openqa.selenium.remote.RemoteWebDriver.startSession(RemoteWebDriver.java:213)\r\n\tat org.openqa.selenium.remote.RemoteWebDriver.<init>(RemoteWebDriver.java:131)\r\n\tat org.openqa.selenium.chrome.ChromeDriver.<init>(ChromeDriver.java:181)\r\n\tat org.openqa.selenium.chrome.ChromeDriver.<init>(ChromeDriver.java:168)\r\n\tat org.openqa.selenium.chrome.ChromeDriver.<init>(ChromeDriver.java:157)\r\n\tat org.getopentest.selenium.core.SeleniumHelper.createDriver(SeleniumHelper.java:91)\r\n\tat org.getopentest.selenium.core.SeleniumHelper.getDriver(SeleniumHelper.java:237)\r\n\tat org.getopentest.selenium.core.SeleniumTestAction.initialize(SeleniumTestAction.java:203)\r\n\tat org.getopentest.base.TestActor.executeAction(TestActor.java:1553)\r\n\tat org.getopentest.base.TestActor.executeActionByClassName(TestActor.java:1647)\r\n\t... 8 more\r\n"}],"currentIteration":1,"result":"failed","status":"completed","segments":[{"index":0,"result":"passed","status":"completed","timeStarted":1677485838075,"timeCompleted":1677485838109},{"index":1,"result":"failed","status":"completed","timeStarted":1677485838149,"timeCompleted":1677485840928}],"currentDataRecordIndex":0,"timeStarted":1677485838075,"timeCompleted":1677485840928},{"actions":[{"action":"org.getopentest.selenium.NavigateTo","actorType":"ACTOR1","args":{"url":"https://github.com/tesseract-ocr/tesseract/wiki"},"isCheckpoint":false,"description":"Navigate to the wiki page","durationMs":1426,"macroStack":["github.AssertRepoHasNonEmptyWiki"],"result":"failed","segment":1,"stackTrace":"java.lang.RuntimeException: org.openqa.selenium.SessionNotCreatedException: session not created: This version of ChromeDriver only supports Chrome version 108\nCurrent browser version is 110.0.5481.177 with binary path C:\\Program Files\\Google\\Chrome\\Application\\chrome.exe\nBuild info: version: '3.141.59', revision: 'e82be7d358', time: '2018-11-14T08:17:03'\nSystem info: host: 'LAPTOP-O8GIVPNU', ip: '192.168.0.111', os.name: 'Windows 11', os.arch: 'amd64', os.version: '10.0', java.version: '1.8.0_341'\nDriver info: driver.version: ChromeDriver\nremote stacktrace: Backtrace:\n\t(No symbol) [0x00B8F243]\n\t(No symbol) [0x00B17FD1]\n\t(No symbol) [0x00A0D04D]\n\t(No symbol) [0x00A2F6B4]\n\t(No symbol) [0x00A2A97C]\n\t(No symbol) [0x00A282E9]\n\t(No symbol) [0x00A5F056]\n\t(No symbol) [0x00A5EB2A]\n\t(No symbol) [0x00A58386]\n\t(No symbol) [0x00A3163C]\n\t(No symbol) [0x00A3269D]\n\tGetHandleVerifier [0x00E29A22+2655074]\n\tGetHandleVerifier [0x00E1CA24+2601828]\n\tGetHandleVerifier [0x00C38C0A+619850]\n\tGetHandleVerifier [0x00C37830+614768]\n\t(No symbol) [0x00B205FC]\n\t(No symbol) [0x00B25968]\n\t(No symbol) [0x00B25A55]\n\t(No symbol) [0x00B3051B]\n\tBaseThreadInitThunk [0x75747D69+25]\n\tRtlInitializeExceptionChain [0x7728BB9B+107]\n\tRtlClearBits [0x7728BB1F+191]\n\r\n\tat org.getopentest.base.TestActor.executeActionByClassName(TestActor.java:1670)\r\n\tat org.getopentest.base.TestActor.executeActionByDef(TestActor.java:1749)\r\n\tat org.getopentest.base.TestActor.executeMacroActionByDef(TestActor.java:1938)\r\n\tat org.getopentest.base.TestActor.executeMacroActionByName(TestActor.java:2013)\r\n\tat org.getopentest.base.TestActor.executeActionByDef(TestActor.java:1745)\r\n\tat org.getopentest.base.TestActor.executeTestSegment(TestActor.java:2092)\r\n\tat org.getopentest.base.TestActor.runOneSession(TestActor.java:3077)\r\n\tat org.getopentest.base.TestActor.runOneSession(TestActor.java:3113)\r\n\tat org.getopentest.Main.main(Main.java:20)\r\nCaused by: org.openqa.selenium.SessionNotCreatedException: session not created: This version of ChromeDriver only supports Chrome version 108\nCurrent browser version is 110.0.5481.177 with binary path C:\\Program Files\\Google\\Chrome\\Application\\chrome.exe\nBuild info: version: '3.141.59', revision: 'e82be7d358', time: '2018-11-14T08:17:03'\nSystem info: host: 'LAPTOP-O8GIVPNU', ip: '192.168.0.111', os.name: 'Windows 11', os.arch: 'amd64', os.version: '10.0', java.version: '1.8.0_341'\nDriver info: driver.version: ChromeDriver\nremote stacktrace: Backtrace:\n\t(No symbol) [0x00B8F243]\n\t(No symbol) [0x00B17FD1]\n\t(No symbol) [0x00A0D04D]\n\t(No symbol) [0x00A2F6B4]\n\t(No symbol) [0x00A2A97C]\n\t(No symbol) [0x00A282E9]\n\t(No symbol) [0x00A5F056]\n\t(No symbol) [0x00A5EB2A]\n\t(No symbol) [0x00A58386]\n\t(No symbol) [0x00A3163C]\n\t(No symbol) [0x00A3269D]\n\tGetHandleVerifier [0x00E29A22+2655074]\n\tGetHandleVerifier [0x00E1CA24+2601828]\n\tGetHandleVerifier [0x00C38C0A+619850]\n\tGetHandleVerifier [0x00C37830+614768]\n\t(No symbol) [0x00B205FC]\n\t(No symbol) [0x00B25968]\n\t(No symbol) [0x00B25A55]\n\t(No symbol) [0x00B3051B]\n\tBaseThreadInitThunk [0x75747D69+25]\n\tRtlInitializeExceptionChain [0x7728BB9B+107]\n\tRtlClearBits [0x7728BB1F+191]\n\r\n\tat sun.reflect.NativeConstructorAccessorImpl.newInstance0(Native Method)\r\n\tat sun.reflect.NativeConstructorAccessorImpl.newInstance(Unknown Source)\r\n\tat sun.reflect.DelegatingConstructorAccessorImpl.newInstance(Unknown Source)\r\n\tat java.lang.reflect.Constructor.newInstance(Unknown Source)\r\n\tat org.openqa.selenium.remote.W3CHandshakeResponse.lambda$errorHandler$0(W3CHandshakeResponse.java:62)\r\n\tat org.openqa.selenium.remote.HandshakeResponse.lambda$getResponseFunction$0(HandshakeResponse.java:30)\r\n\tat org.openqa.selenium.remote.ProtocolHandshake.lambda$createSession$0(ProtocolHandshake.java:126)\r\n\tat java.util.stream.ReferencePipeline$3$1.accept(Unknown Source)\r\n\tat java.util.Spliterators$ArraySpliterator.tryAdvance(Unknown Source)\r\n\tat java.util.stream.ReferencePipeline.forEachWithCancel(Unknown Source)\r\n\tat java.util.stream.AbstractPipeline.copyIntoWithCancel(Unknown Source)\r\n\tat java.util.stream.AbstractPipeline.copyInto(Unknown Source)\r\n\tat java.util.stream.AbstractPipeline.wrapAndCopyInto(Unknown Source)\r\n\tat java.util.stream.FindOps$FindOp.evaluateSequential(Unknown Source)\r\n\tat java.util.stream.AbstractPipeline.evaluate(Unknown Source)\r\n\tat java.util.stream.ReferencePipeline.findFirst(Unknown Source)\r\n\tat org.openqa.selenium.remote.ProtocolHandshake.createSession(ProtocolHandshake.java:128)\r\n\tat org.openqa.selenium.remote.ProtocolHandshake.createSession(ProtocolHandshake.java:74)\r\n\tat org.openqa.selenium.remote.HttpCommandExecutor.execute(HttpCommandExecutor.java:136)\r\n\tat org.openqa.selenium.remote.service.DriverCommandExecutor.execute(DriverCommandExecutor.java:83)\r\n\tat org.openqa.selenium.remote.RemoteWebDriver.execute(RemoteWebDriver.java:552)\r\n\tat org.openqa.selenium.remote.RemoteWebDriver.startSession(RemoteWebDriver.java:213)\r\n\tat org.openqa.selenium.remote.RemoteWebDriver.<init>(RemoteWebDriver.java:131)\r\n\tat org.openqa.selenium.chrome.ChromeDriver.<init>(ChromeDriver.java:181)\r\n\tat org.openqa.selenium.chrome.ChromeDriver.<init>(ChromeDriver.java:168)\r\n\tat org.openqa.selenium.chrome.ChromeDriver.<init>(ChromeDriver.java:157)\r\n\tat org.getopentest.selenium.core.SeleniumHelper.createDriver(SeleniumHelper.java:91)\r\n\tat org.getopentest.selenium.core.SeleniumHelper.getDriver(SeleniumHelper.java:237)\r\n\tat org.getopentest.selenium.core.SeleniumTestAction.initialize(SeleniumTestAction.java:203)\r\n\tat org.getopentest.base.TestActor.executeAction(TestActor.java:1553)\r\n\tat org.getopentest.base.TestActor.executeActionByClassName(TestActor.java:1647)\r\n\t... 8 more\r\n"},{"action":"org.getopentest.base.MacroAction","actorType":"ACTOR1","args":{"repo":"tesseract-ocr/tesseract"},"isCheckpoint":false,"description":"github.AssertRepoHasNonEmptyWiki","durationMs":1504,"macro":"github.AssertRepoHasNonEmptyWiki","macroStack":[],"result":"failed","segment":1,"stackTrace":"java.lang.Exception: There was an error executing macro action github.AssertRepoHasNonEmptyWiki with arguments {\"repo\":\"tesseract-ocr/tesseract\"}\r\n\tat org.getopentest.base.TestActor.executeMacroActionByName(TestActor.java:2021)\r\n\tat org.getopentest.base.TestActor.executeActionByDef(TestActor.java:1745)\r\n\tat org.getopentest.base.TestActor.executeTestSegment(TestActor.java:2092)\r\n\tat org.getopentest.base.TestActor.runOneSession(TestActor.java:3077)\r\n\tat org.getopentest.base.TestActor.runOneSession(TestActor.java:3113)\r\n\tat org.getopentest.Main.main(Main.java:20)\r\nCaused by: java.lang.RuntimeException: There was an error while executing action no. 1 (org.getopentest.selenium.NavigateTo) in macro github/AssertRepoHasNonEmptyWiki.\nThe action definition was:\n{\n  \"action\": \"org.getopentest.selenium.NavigateTo\",\n  \"args\": {\n    \"url\": \"https://github.com/tesseract-ocr/tesseract/wiki\"\n  },\n  \"description\": \"Navigate to the wiki page\"\n}\r\n\tat org.getopentest.base.TestActor.executeMacroActionByDef(TestActor.java:1973)\r\n\tat org.getopentest.base.TestActor.executeMacroActionByName(TestActor.java:2013)\r\n\t... 5 more\r\nCaused by: java.lang.RuntimeException: Failed executing action org.getopentest.selenium.NavigateTo with arguments {\"url\":\"https://github.com/tesseract-ocr/tesseract/wiki\"}\r\n\tat org.getopentest.base.TestActor.executeActionByDef(TestActor.java:1872)\r\n\tat org.getopentest.base.TestActor.executeMacroActionByDef(TestActor.java:1938)\r\n\t... 6 more\r\nCaused by: java.lang.RuntimeException: org.openqa.selenium.SessionNotCreatedException: session not created: This version of ChromeDriver only supports Chrome version 108\nCurrent browser version is 110.0.5481.177 with binary path C:\\Program Files\\Google\\Chrome\\Application\\chrome.exe\nBuild info: version: '3.141.59', revision: 'e82be7d358', time: '2018-11-14T08:17:03'\nSystem info: host: 'LAPTOP-O8GIVPNU', ip: '192.168.0.111', os.name: 'Windows 11', os.arch: 'amd64', os.version: '10.0', java.version: '1.8.0_341'\nDriver info: driver.version: ChromeDriver\nremote stacktrace: Backtrace:\n\t(No symbol) [0x00B8F243]\n\t(No symbol) [0x00B17FD1]\n\t(No symbol) [0x00A0D04D]\n\t(No symbol) [0x00A2F6B4]\n\t(No symbol) [0x00A2A97C]\n\t(No symbol) [0x00A282E9]\n\t(No symbol) [0x00A5F056]\n\t(No symbol) [0x00A5EB2A]\n\t(No symbol) [0x00A58386]\n\t(No symbol) [0x00A3163C]\n\t(No symbol) [0x00A3269D]\n\tGetHandleVerifier [0x00E29A22+2655074]\n\tGetHandleVerifier [0x00E1CA24+2601828]\n\tGetHandleVerifier [0x00C38C0A+619850]\n\tGetHandleVerifier [0x00C37830+614768]\n\t(No symbol) [0x00B205FC]\n\t(No symbol) [0x00B25968]\n\t(No symbol) [0x00B25A55]\n\t(No symbol) [0x00B3051B]\n\tBaseThreadInitThunk [0x75747D69+25]\n\tRtlInitializeExceptionChain [0x7728BB9B+107]\n\tRtlClearBits [0x7728BB1F+191]\n\r\n\tat org.getopentest.base.TestActor.executeActionByClassName(TestActor.java:1670)\r\n\tat org.getopentest.base.TestActor.executeActionByDef(TestActor.java:1749)\r\n\t... 7 more\r\nCaused by: org.openqa.selenium.SessionNotCreatedException: session not created: This version of ChromeDriver only supports Chrome version 108\nCurrent browser version is 110.0.5481.177 with binary path C:\\Program Files\\Google\\Chrome\\Application\\chrome.exe\nBuild info: version: '3.141.59', revision: 'e82be7d358', time: '2018-11-14T08:17:03'\nSystem info: host: 'LAPTOP-O8GIVPNU', ip: '192.168.0.111', os.name: 'Windows 11', os.arch: 'amd64', os.version: '10.0', java.version: '1.8.0_341'\nDriver info: driver.version: ChromeDriver\nremote stacktrace: Backtrace:\n\t(No symbol) [0x00B8F243]\n\t(No symbol) [0x00B17FD1]\n\t(No symbol) [0x00A0D04D]\n\t(No symbol) [0x00A2F6B4]\n\t(No symbol) [0x00A2A97C]\n\t(No symbol) [0x00A282E9]\n\t(No symbol) [0x00A5F056]\n\t(No symbol) [0x00A5EB2A]\n\t(No symbol) [0x00A58386]\n\t(No symbol) [0x00A3163C]\n\t(No symbol) [0x00A3269D]\n\tGetHandleVerifier [0x00E29A22+2655074]\n\tGetHandleVerifier [0x00E1CA24+2601828]\n\tGetHandleVerifier [0x00C38C0A+619850]\n\tGetHandleVerifier [0x00C37830+614768]\n\t(No symbol) [0x00B205FC]\n\t(No symbol) [0x00B25968]\n\t(No symbol) [0x00B25A55]\n\t(No symbol) [0x00B3051B]\n\tBaseThreadInitThunk [0x75747D69+25]\n\tRtlInitializeExceptionChain [0x7728BB9B+107]\n\tRtlClearBits [0x7728BB1F+191]\n\r\n\tat sun.reflect.NativeConstructorAccessorImpl.newInstance0(Native Method)\r\n\tat sun.reflect.NativeConstructorAccessorImpl.newInstance(Unknown Source)\r\n\tat sun.reflect.DelegatingConstructorAccessorImpl.newInstance(Unknown Source)\r\n\tat java.lang.reflect.Constructor.newInstance(Unknown Source)\r\n\tat org.openqa.selenium.remote.W3CHandshakeResponse.lambda$errorHandler$0(W3CHandshakeResponse.java:62)\r\n\tat org.openqa.selenium.remote.HandshakeResponse.lambda$getResponseFunction$0(HandshakeResponse.java:30)\r\n\tat org.openqa.selenium.remote.ProtocolHandshake.lambda$createSession$0(ProtocolHandshake.java:126)\r\n\tat java.util.stream.ReferencePipeline$3$1.accept(Unknown Source)\r\n\tat java.util.Spliterators$ArraySpliterator.tryAdvance(Unknown Source)\r\n\tat java.util.stream.ReferencePipeline.forEachWithCancel(Unknown Source)\r\n\tat java.util.stream.AbstractPipeline.copyIntoWithCancel(Unknown Source)\r\n\tat java.util.stream.AbstractPipeline.copyInto(Unknown Source)\r\n\tat java.util.stream.AbstractPipeline.wrapAndCopyInto(Unknown Source)\r\n\tat java.util.stream.FindOps$FindOp.evaluateSequential(Unknown Source)\r\n\tat java.util.stream.AbstractPipeline.evaluate(Unknown Source)\r\n\tat java.util.stream.ReferencePipeline.findFirst(Unknown Source)\r\n\tat org.openqa.selenium.remote.ProtocolHandshake.createSession(ProtocolHandshake.java:128)\r\n\tat org.openqa.selenium.remote.ProtocolHandshake.createSession(ProtocolHandshake.java:74)\r\n\tat org.openqa.selenium.remote.HttpCommandExecutor.execute(HttpCommandExecutor.java:136)\r\n\tat org.openqa.selenium.remote.service.DriverCommandExecutor.execute(DriverCommandExecutor.java:83)\r\n\tat org.openqa.selenium.remote.RemoteWebDriver.execute(RemoteWebDriver.java:552)\r\n\tat org.openqa.selenium.remote.RemoteWebDriver.startSession(RemoteWebDriver.java:213)\r\n\tat org.openqa.selenium.remote.RemoteWebDriver.<init>(RemoteWebDriver.java:131)\r\n\tat org.openqa.selenium.chrome.ChromeDriver.<init>(ChromeDriver.java:181)\r\n\tat org.openqa.selenium.chrome.ChromeDriver.<init>(ChromeDriver.java:168)\r\n\tat org.openqa.selenium.chrome.ChromeDriver.<init>(ChromeDriver.java:157)\r\n\tat org.getopentest.selenium.core.SeleniumHelper.createDriver(SeleniumHelper.java:91)\r\n\tat org.getopentest.selenium.core.SeleniumHelper.getDriver(SeleniumHelper.java:237)\r\n\tat org.getopentest.selenium.core.SeleniumTestAction.initialize(SeleniumTestAction.java:203)\r\n\tat org.getopentest.base.TestActor.executeAction(TestActor.java:1553)\r\n\tat org.getopentest.base.TestActor.executeActionByClassName(TestActor.java:1647)\r\n\t... 8 more\r\n"}],"currentIteration":1,"result":"failed","status":"completed","segments":[{"index":0,"result":"passed","status":"completed","timeStarted":1677485838075,"timeCompleted":1677485843153},{"index":1,"result":"failed","status":"completed","timeStarted":1677485838149,"timeCompleted":1677485844724}],"checkpointFailed":false,"currentDataRecordIndex":1,"timeStarted":1677485843103,"timeCompleted":1677485844724}],"checkpointFailed":false,"timeCompleted":1677485844724}],"timeCreated":1677485833256,"timeStarted":1677485838075,"timeCompleted":1677485844725,"lastActivity":1677485844723,"_id":"tTMjPPmpDafnh3Wz","actorTags":[],"environment":"","currentDataRecordIndex":-1}
{"id":1677480157,"actors":{},"maxIterations":"1","currentIteration":1,"currentTestIndex":0,"currentSegmentIndex":0,"label":"Session 1677480157","result":"cancelled","status":"completed","tests":[{"actions":[],"currentIteration":1,"currentSegmentIndex":0,"isDataDriven":false,"name":"GitHub API test","path":"api","result":"cancelled","status":"completed","segments":[{"index":0,"result":"pending","status":"pending"},{"index":1,"result":"pending","status":"pending"}],"tags":[]}],"timeCreated":1677480157063,"timeStarted":null,"timeCompleted":1677481364757,"lastActivity":1677480157062,"_id":"upKFAf6IHLSfNRkv","actorTags":[],"environment":""}
